[ 2017-04-24T15:29:56+08:00 ] ::1 /tp/index.php/Home/User/Login
INFO: [ app_init ] --START--
INFO: Run Behavior\BuildLiteBehavior [ RunTime:0.001000s ]
INFO: [ app_init ] --END-- [ RunTime:0.002000s ]
INFO: [ app_begin ] --START--
INFO: Run Behavior\ReadHtmlCacheBehavior [ RunTime:0.002000s ]
INFO: [ app_begin ] --END-- [ RunTime:0.003000s ]
SQL: SHOW COLUMNS FROM `tb_employee` [ RunTime:0.0030s ]
SQL: SELECT * FROM `tb_employee` WHERE ( phone='18875014823' )  [ RunTime:0.0020s ]
SQL: SHOW COLUMNS FROM `tb_employeejob` [ RunTime:0.0030s ]
SQL: SELECT m.* FROM tb_employeejob ej,tb_jobmenu jm,tb_menu m WHERE ( ej.jId = jm.jId and jm.mId = m.mId and ej.eId =1 )  [ RunTime:0.0040s ]
INFO: [ app_end ] --START--
INFO: Run Behavior\ShowPageTraceBehavior [ RunTime:0.002000s ]
INFO: [ app_end ] --END-- [ RunTime:0.003000s ]

[ 2017-04-24T16:15:29+08:00 ] ::1 /tp/index.php/Home/User/Login
INFO: [ app_init ] --START--
INFO: Run Behavior\BuildLiteBehavior [ RunTime:0.001000s ]
INFO: [ app_init ] --END-- [ RunTime:0.004000s ]
INFO: [ app_begin ] --START--
INFO: Run Behavior\ReadHtmlCacheBehavior [ RunTime:0.002000s ]
INFO: [ app_begin ] --END-- [ RunTime:0.004000s ]
SQL: SHOW COLUMNS FROM `tb_employee` [ RunTime:0.0110s ]
SQL: SELECT * FROM `tb_employee` WHERE ( phone='18875014823' )  [ RunTime:0.0020s ]
NOTIC: [8] Undefined index: ename D:\PHP-webapp\tp\Application\Home\Controller\UserController.class.php 第 19 行.
INFO: [ app_end ] --START--
INFO: Run Behavior\ShowPageTraceBehavior [ RunTime:0.002001s ]
INFO: [ app_end ] --END-- [ RunTime:0.006001s ]

[ 2017-04-24T16:15:43+08:00 ] ::1 /tp/index.php/Home/User/Login
INFO: [ app_init ] --START--
INFO: Run Behavior\BuildLiteBehavior [ RunTime:0.000000s ]
INFO: [ app_init ] --END-- [ RunTime:0.002000s ]
INFO: [ app_begin ] --START--
INFO: Run Behavior\ReadHtmlCacheBehavior [ RunTime:0.001000s ]
INFO: [ app_begin ] --END-- [ RunTime:0.002000s ]
SQL: SHOW COLUMNS FROM `tb_employee` [ RunTime:0.0080s ]
SQL: SELECT * FROM `tb_employee` WHERE ( phone='18875014823' )  [ RunTime:0.0010s ]
NOTIC: [8] Undefined index: ename D:\PHP-webapp\tp\Application\Home\Controller\UserController.class.php 第 19 行.
INFO: [ app_end ] --START--
INFO: Run Behavior\ShowPageTraceBehavior [ RunTime:0.002000s ]
INFO: [ app_end ] --END-- [ RunTime:0.005001s ]

[ 2017-04-24T16:20:30+08:00 ] ::1 /tp/index.php/Home/User/Login
INFO: [ app_init ] --START--
INFO: Run Behavior\BuildLiteBehavior [ RunTime:0.001000s ]
INFO: [ app_init ] --END-- [ RunTime:0.003000s ]
INFO: [ app_begin ] --START--
INFO: Run Behavior\ReadHtmlCacheBehavior [ RunTime:0.001000s ]
INFO: [ app_begin ] --END-- [ RunTime:0.003000s ]
SQL: SHOW COLUMNS FROM `tb_employee` [ RunTime:0.0100s ]
SQL: SELECT * FROM `tb_employee` WHERE ( phone='18875014823' )  [ RunTime:0.0010s ]
NOTIC: [8] Undefined index: uname D:\PHP-webapp\tp\Application\Home\Controller\UserController.class.php 第 21 行.
SQL: SHOW COLUMNS FROM `tb_employeejob` [ RunTime:0.0060s ]
SQL: SELECT m.* FROM tb_employeejob ej,tb_jobmenu jm,tb_menu m WHERE ( ej.jId = jm.jId and jm.mId = m.mId and ej.eId =1 )  [ RunTime:0.0010s ]
INFO: [ app_end ] --START--
INFO: Run Behavior\ShowPageTraceBehavior [ RunTime:0.003000s ]
INFO: [ app_end ] --END-- [ RunTime:0.007000s ]

[ 2017-04-24T16:57:56+08:00 ] ::1 /tp/index.php/Home/User/Login
INFO: [ app_init ] --START--
INFO: Run Behavior\BuildLiteBehavior [ RunTime:0.000000s ]
INFO: [ app_init ] --END-- [ RunTime:0.003000s ]
INFO: [ app_begin ] --START--
INFO: Run Behavior\ReadHtmlCacheBehavior [ RunTime:0.002000s ]
INFO: [ app_begin ] --END-- [ RunTime:0.004000s ]
SQL: SHOW COLUMNS FROM `tb_employee` [ RunTime:0.0130s ]
SQL: SELECT * FROM `tb_employee` WHERE ( phone='18875014823' )  [ RunTime:0.0020s ]
SQL: SHOW COLUMNS FROM `tb_employeejob` [ RunTime:0.0060s ]
SQL: SELECT m.* FROM tb_employeejob ej,tb_jobmenu jm,tb_menu m WHERE ( ej.jId = jm.jId and jm.mId = m.mId and ej.eId =1 )  [ RunTime:0.0000s ]
INFO: [ app_end ] --START--
INFO: Run Behavior\ShowPageTraceBehavior [ RunTime:0.002000s ]
INFO: [ app_end ] --END-- [ RunTime:0.004000s ]

[ 2017-04-24T17:08:12+08:00 ] ::1 /tp/index.php/Home/User/Login
INFO: [ app_init ] --START--
INFO: Run Behavior\BuildLiteBehavior [ RunTime:0.001000s ]
INFO: [ app_init ] --END-- [ RunTime:0.003000s ]
INFO: [ app_begin ] --START--
INFO: Run Behavior\ReadHtmlCacheBehavior [ RunTime:0.001000s ]
INFO: [ app_begin ] --END-- [ RunTime:0.003000s ]
SQL: SHOW COLUMNS FROM `tb_employee` [ RunTime:0.0120s ]
SQL: SELECT * FROM `tb_employee` WHERE ( phone='18875014823' )  [ RunTime:0.0010s ]
SQL: SHOW COLUMNS FROM `tb_employeejob` [ RunTime:0.0050s ]
SQL: SELECT m.* FROM tb_employeejob ej,tb_jobmenu jm,tb_menu m WHERE ( ej.jId = jm.jId and jm.mId = m.mId and ej.eId =1 )  [ RunTime:0.0010s ]
INFO: [ app_end ] --START--
INFO: Run Behavior\ShowPageTraceBehavior [ RunTime:0.001000s ]
INFO: [ app_end ] --END-- [ RunTime:0.004000s ]

[ 2017-04-24T17:10:04+08:00 ] ::1 /tp/index.php/Home/User/Login
INFO: [ app_init ] --START--
INFO: Run Behavior\BuildLiteBehavior [ RunTime:0.000000s ]
INFO: [ app_init ] --END-- [ RunTime:0.003000s ]
INFO: [ app_begin ] --START--
INFO: Run Behavior\ReadHtmlCacheBehavior [ RunTime:0.001000s ]
INFO: [ app_begin ] --END-- [ RunTime:0.005000s ]
SQL: SHOW COLUMNS FROM `tb_employee` [ RunTime:0.0090s ]
SQL: SELECT * FROM `tb_employee` WHERE ( phone='18875014823' )  [ RunTime:0.0010s ]
SQL: SHOW COLUMNS FROM `tb_employeejob` [ RunTime:0.0060s ]
SQL: SELECT m.* FROM tb_employeejob ej,tb_jobmenu jm,tb_menu m WHERE ( ej.jId = jm.jId and jm.mId = m.mId and ej.eId =1 )  [ RunTime:0.0010s ]
INFO: [ app_end ] --START--
INFO: Run Behavior\ShowPageTraceBehavior [ RunTime:0.001001s ]
INFO: [ app_end ] --END-- [ RunTime:0.003001s ]

[ 2017-04-24T17:12:11+08:00 ] ::1 /tp/index.php/Home/User/Login
INFO: [ app_init ] --START--
INFO: Run Behavior\BuildLiteBehavior [ RunTime:0.001000s ]
INFO: [ app_init ] --END-- [ RunTime:0.004001s ]
INFO: [ app_begin ] --START--
INFO: Run Behavior\ReadHtmlCacheBehavior [ RunTime:0.002001s ]
INFO: [ app_begin ] --END-- [ RunTime:0.005001s ]
SQL: SHOW COLUMNS FROM `tb_employee` [ RunTime:0.0130s ]
SQL: SELECT * FROM `tb_employee` WHERE ( phone='18875014823' )  [ RunTime:0.0010s ]
SQL: SHOW COLUMNS FROM `tb_employeejob` [ RunTime:0.0050s ]
SQL: SELECT m.* FROM tb_employeejob ej,tb_jobmenu jm,tb_menu m WHERE ( ej.jId = jm.jId and jm.mId = m.mId and ej.eId =1 )  [ RunTime:0.0010s ]
INFO: [ app_end ] --START--
INFO: Run Behavior\ShowPageTraceBehavior [ RunTime:0.002000s ]
INFO: [ app_end ] --END-- [ RunTime:0.004000s ]

[ 2017-04-24T17:16:02+08:00 ] ::1 /tp/index.php/Home/User/Login
INFO: [ app_init ] --START--
INFO: Run Behavior\BuildLiteBehavior [ RunTime:0.001000s ]
INFO: [ app_init ] --END-- [ RunTime:0.006000s ]
INFO: [ app_begin ] --START--
INFO: Run Behavior\ReadHtmlCacheBehavior [ RunTime:0.001000s ]
INFO: [ app_begin ] --END-- [ RunTime:0.003000s ]
SQL: SHOW COLUMNS FROM `tb_employee` [ RunTime:0.0020s ]
SQL: SELECT * FROM `tb_employee` WHERE ( phone='18875014823' )  [ RunTime:0.0000s ]
SQL: SHOW COLUMNS FROM `tb_employeejob` [ RunTime:0.0020s ]
SQL: SELECT m.* FROM tb_employeejob ej,tb_jobmenu jm,tb_menu m WHERE ( ej.jId = jm.jId and jm.mId = m.mId and ej.eId =1 )  [ RunTime:0.0000s ]
INFO: [ app_end ] --START--
INFO: Run Behavior\ShowPageTraceBehavior [ RunTime:0.002000s ]
INFO: [ app_end ] --END-- [ RunTime:0.004000s ]

[ 2017-04-24T17:32:32+08:00 ] ::1 /tp/index.php/Home/User/Login
INFO: [ app_init ] --START--
INFO: Run Behavior\BuildLiteBehavior [ RunTime:0.000000s ]
INFO: [ app_init ] --END-- [ RunTime:0.005001s ]
INFO: [ app_begin ] --START--
INFO: Run Behavior\ReadHtmlCacheBehavior [ RunTime:0.002000s ]
INFO: [ app_begin ] --END-- [ RunTime:0.004000s ]
SQL: SHOW COLUMNS FROM `tb_employee` [ RunTime:0.0170s ]
SQL: SELECT * FROM `tb_employee` WHERE ( phone='18875014823' )  [ RunTime:0.0020s ]
SQL: SHOW COLUMNS FROM `tb_employeejob` [ RunTime:0.0050s ]
SQL: SELECT m.* FROM tb_employeejob ej,tb_jobmenu jm,tb_menu m WHERE ( ej.jId = jm.jId and jm.mId = m.mId and ej.eId =1 )  [ RunTime:0.0030s ]
INFO: [ app_end ] --START--
INFO: Run Behavior\ShowPageTraceBehavior [ RunTime:0.001000s ]
INFO: [ app_end ] --END-- [ RunTime:0.004001s ]

[ 2017-04-24T21:44:30+08:00 ] 127.0.0.1 /tp/index.php/Home/User/Login
INFO: [ app_init ] --START--
INFO: Run Behavior\BuildLiteBehavior [ RunTime:0.001000s ]
INFO: [ app_init ] --END-- [ RunTime:0.168010s ]
INFO: [ app_begin ] --START--
INFO: Run Behavior\ReadHtmlCacheBehavior [ RunTime:0.003000s ]
INFO: [ app_begin ] --END-- [ RunTime:0.009001s ]
SQL: SHOW COLUMNS FROM `tb_employee` [ RunTime:0.0050s ]
SQL: SELECT * FROM `tb_employee` WHERE ( phone='18875014255' )  [ RunTime:0.0010s ]
SQL: SHOW COLUMNS FROM `tb_employeejob` [ RunTime:0.0180s ]
SQL: SELECT m.* FROM tb_employeejob ej,tb_jobmenu jm,tb_menu m WHERE ( ej.jId = jm.jId and jm.mId = m.mId and ej.eId =5 )  [ RunTime:0.0140s ]
INFO: [ app_end ] --START--
INFO: Run Behavior\ShowPageTraceBehavior [ RunTime:0.004000s ]
INFO: [ app_end ] --END-- [ RunTime:0.008001s ]

[ 2017-04-24T22:22:38+08:00 ] 127.0.0.1 /tp/index.php/Home/User/Login
INFO: [ app_init ] --START--
INFO: Run Behavior\BuildLiteBehavior [ RunTime:0.000000s ]
INFO: [ app_init ] --END-- [ RunTime:0.160009s ]
INFO: [ app_begin ] --START--
INFO: Run Behavior\ReadHtmlCacheBehavior [ RunTime:0.003000s ]
INFO: [ app_begin ] --END-- [ RunTime:0.009001s ]
SQL: SHOW COLUMNS FROM `tb_employee` [ RunTime:0.0060s ]
SQL: SHOW COLUMNS FROM `tb_customer` [ RunTime:0.0200s ]
SQL: SELECT * FROM `tb_employee` WHERE ( phone='18875014256' )  [ RunTime:0.0010s ]
SQL: SHOW COLUMNS FROM `tb_employeejob` [ RunTime:0.0070s ]
SQL: SELECT m.* FROM tb_employeejob ej,tb_jobmenu jm,tb_menu m WHERE ( ej.jId = jm.jId and jm.mId = m.mId and ej.eId =1 )  [ RunTime:0.0030s ]
INFO: [ app_end ] --START--
INFO: Run Behavior\ShowPageTraceBehavior [ RunTime:0.005000s ]
INFO: [ app_end ] --END-- [ RunTime:0.010000s ]

[ 2017-04-24T22:31:49+08:00 ] 127.0.0.1 /tp/index.php/Home/User/testTree
INFO: [ app_init ] --START--
INFO: Run Behavior\BuildLiteBehavior [ RunTime:0.001000s ]
INFO: [ app_init ] --END-- [ RunTime:0.007000s ]
INFO: [ app_begin ] --START--
INFO: Run Behavior\ReadHtmlCacheBehavior [ RunTime:0.005000s ]
INFO: [ app_begin ] --END-- [ RunTime:0.009001s ]
SQL: SHOW COLUMNS FROM `tb_employee` [ RunTime:0.0060s ]
SQL: SHOW COLUMNS FROM `tb_customer` [ RunTime:0.0070s ]

[ 2017-04-24T22:37:04+08:00 ] 127.0.0.1 /tp/index.php/Home/User/testTree
INFO: [ app_init ] --START--
INFO: Run Behavior\BuildLiteBehavior [ RunTime:0.001000s ]
INFO: [ app_init ] --END-- [ RunTime:0.008000s ]
INFO: [ app_begin ] --START--
INFO: Run Behavior\ReadHtmlCacheBehavior [ RunTime:0.005000s ]
INFO: [ app_begin ] --END-- [ RunTime:0.011000s ]
SQL: SHOW COLUMNS FROM `tb_employee` [ RunTime:0.0070s ]
SQL: SHOW COLUMNS FROM `tb_customer` [ RunTime:0.0070s ]

[ 2017-04-24T22:40:58+08:00 ] 127.0.0.1 /tp/index.php/Home/User/testTree
INFO: [ app_init ] --START--
INFO: Run Behavior\BuildLiteBehavior [ RunTime:0.001000s ]
INFO: [ app_init ] --END-- [ RunTime:0.007000s ]
INFO: [ app_begin ] --START--
INFO: Run Behavior\ReadHtmlCacheBehavior [ RunTime:0.004000s ]
INFO: [ app_begin ] --END-- [ RunTime:0.008000s ]
SQL: SHOW COLUMNS FROM `tb_employee` [ RunTime:0.0060s ]
SQL: SHOW COLUMNS FROM `tb_customer` [ RunTime:0.0080s ]

[ 2017-04-24T22:46:28+08:00 ] 127.0.0.1 /tp/index.php/Home/User/Login
INFO: [ app_init ] --START--
INFO: Run Behavior\BuildLiteBehavior [ RunTime:0.000000s ]
INFO: [ app_init ] --END-- [ RunTime:0.007001s ]
INFO: [ app_begin ] --START--
INFO: Run Behavior\ReadHtmlCacheBehavior [ RunTime:0.004000s ]
INFO: [ app_begin ] --END-- [ RunTime:0.009000s ]
SQL: SHOW COLUMNS FROM `tb_employee` [ RunTime:0.0060s ]
SQL: SHOW COLUMNS FROM `tb_customer` [ RunTime:0.0060s ]

[ 2017-04-24T22:46:48+08:00 ] 127.0.0.1 /tp/index.php/Home/User/Login
INFO: [ app_init ] --START--
INFO: Run Behavior\BuildLiteBehavior [ RunTime:0.002000s ]
INFO: [ app_init ] --END-- [ RunTime:0.011001s ]
INFO: [ app_begin ] --START--
INFO: Run Behavior\ReadHtmlCacheBehavior [ RunTime:0.004000s ]
INFO: [ app_begin ] --END-- [ RunTime:0.010000s ]
SQL: SHOW COLUMNS FROM `tb_employee` [ RunTime:0.0070s ]
SQL: SHOW COLUMNS FROM `tb_customer` [ RunTime:0.0090s ]

[ 2017-04-24T22:47:25+08:00 ] 127.0.0.1 /tp/index.php/Home/User/Login
INFO: [ app_init ] --START--
INFO: Run Behavior\BuildLiteBehavior [ RunTime:0.001000s ]
INFO: [ app_init ] --END-- [ RunTime:0.007001s ]
INFO: [ app_begin ] --START--
INFO: Run Behavior\ReadHtmlCacheBehavior [ RunTime:0.004000s ]
INFO: [ app_begin ] --END-- [ RunTime:0.009000s ]
SQL: SHOW COLUMNS FROM `tb_employee` [ RunTime:0.0060s ]
SQL: SHOW COLUMNS FROM `tb_customer` [ RunTime:0.0060s ]
SQL: SELECT * FROM `tb_employee` WHERE ( phone='18875014255' )  [ RunTime:0.0020s ]
SQL: SHOW COLUMNS FROM `tb_employeejob` [ RunTime:0.0080s ]
SQL: SELECT m.* FROM tb_employeejob ej,tb_jobmenu jm,tb_menu m WHERE ( ej.jId = jm.jId and jm.mId = m.mId and ej.eId =5 )  [ RunTime:0.0010s ]
INFO: [ app_end ] --START--
INFO: Run Behavior\ShowPageTraceBehavior [ RunTime:0.004000s ]
INFO: [ app_end ] --END-- [ RunTime:0.010001s ]

[ 2017-04-24T22:47:28+08:00 ] 127.0.0.1 /tp/index.php/Home/User/testTree
INFO: [ app_init ] --START--
INFO: Run Behavior\BuildLiteBehavior [ RunTime:0.001000s ]
INFO: [ app_init ] --END-- [ RunTime:0.010001s ]
INFO: [ app_begin ] --START--
INFO: Run Behavior\ReadHtmlCacheBehavior [ RunTime:0.004000s ]
INFO: [ app_begin ] --END-- [ RunTime:0.011001s ]
SQL: SHOW COLUMNS FROM `tb_employee` [ RunTime:0.0060s ]
SQL: SHOW COLUMNS FROM `tb_customer` [ RunTime:0.0070s ]

[ 2017-04-24T22:56:57+08:00 ] 127.0.0.1 /tp/index.php/Home/User/Login
INFO: [ app_init ] --START--
INFO: Run Behavior\BuildLiteBehavior [ RunTime:0.001000s ]
INFO: [ app_init ] --END-- [ RunTime:0.036002s ]
INFO: [ app_begin ] --START--
INFO: Run Behavior\ReadHtmlCacheBehavior [ RunTime:0.004001s ]
INFO: [ app_begin ] --END-- [ RunTime:0.009001s ]
SQL: SHOW COLUMNS FROM `tb_employee` [ RunTime:0.0070s ]
SQL: SHOW COLUMNS FROM `tb_customer` [ RunTime:0.0060s ]
SQL: SELECT * FROM `tb_employee` WHERE ( phone='18875014256' )  [ RunTime:0.0020s ]
SQL: SHOW COLUMNS FROM `tb_employeejob` [ RunTime:0.0050s ]
SQL: SELECT m.* FROM tb_employeejob ej,tb_jobmenu jm,tb_menu m WHERE ( ej.jId = jm.jId and jm.mId = m.mId and ej.eId =1 )  [ RunTime:0.0020s ]
INFO: [ app_end ] --START--
INFO: Run Behavior\ShowPageTraceBehavior [ RunTime:0.015000s ]
INFO: [ app_end ] --END-- [ RunTime:0.020001s ]

[ 2017-04-24T23:34:20+08:00 ] 127.0.0.1 /tp/index.php/Home/User/Login
INFO: [ app_init ] --START--
INFO: Run Behavior\BuildLiteBehavior [ RunTime:0.001000s ]
INFO: [ app_init ] --END-- [ RunTime:0.008001s ]
INFO: [ app_begin ] --START--
INFO: Run Behavior\ReadHtmlCacheBehavior [ RunTime:0.004000s ]
INFO: [ app_begin ] --END-- [ RunTime:0.008001s ]
SQL: SHOW COLUMNS FROM `tb_employee` [ RunTime:0.0400s ]
SQL: SHOW COLUMNS FROM `tb_customer` [ RunTime:0.0200s ]
SQL: SELECT * FROM `tb_employee` WHERE ( phone='18875014256' )  [ RunTime:0.0010s ]
SQL: SHOW COLUMNS FROM `tb_employeejob` [ RunTime:0.0300s ]
SQL: SELECT m.* FROM tb_employeejob ej,tb_jobmenu jm,tb_menu m WHERE ( ej.jId = jm.jId and jm.mId = m.mId and ej.eId =1 )  [ RunTime:0.0010s ]
INFO: [ app_end ] --START--
INFO: Run Behavior\ShowPageTraceBehavior [ RunTime:0.017001s ]
INFO: [ app_end ] --END-- [ RunTime:0.023001s ]

[ 2017-04-24T23:42:26+08:00 ] 127.0.0.1 /tp/index.php/Home/User/Login
INFO: [ app_init ] --START--
INFO: Run Behavior\BuildLiteBehavior [ RunTime:0.001000s ]
INFO: [ app_init ] --END-- [ RunTime:0.008001s ]
INFO: [ app_begin ] --START--
INFO: Run Behavior\ReadHtmlCacheBehavior [ RunTime:0.007000s ]
INFO: [ app_begin ] --END-- [ RunTime:0.015000s ]
SQL: SHOW COLUMNS FROM `tb_employee` [ RunTime:0.0070s ]
SQL: SHOW COLUMNS FROM `tb_customer` [ RunTime:0.0070s ]
SQL: SELECT * FROM `tb_employee` WHERE ( phone='18875014256' )  [ RunTime:0.0010s ]
SQL: SHOW COLUMNS FROM `tb_employeejob` [ RunTime:0.0060s ]
SQL: SELECT m.* FROM tb_employeejob ej,tb_jobmenu jm,tb_menu m WHERE ( ej.jId = jm.jId and jm.mId = m.mId and ej.eId =1 )  [ RunTime:0.0010s ]
INFO: [ app_end ] --START--
INFO: Run Behavior\ShowPageTraceBehavior [ RunTime:0.006001s ]
INFO: [ app_end ] --END-- [ RunTime:0.010001s ]

