[ 2017-04-25T00:04:38+08:00 ] 127.0.0.1 /tp/index.php/Home/User/Login
INFO: [ app_init ] --START--
INFO: Run Behavior\BuildLiteBehavior [ RunTime:0.001000s ]
INFO: [ app_init ] --END-- [ RunTime:0.007001s ]
INFO: [ app_begin ] --START--
INFO: Run Behavior\ReadHtmlCacheBehavior [ RunTime:0.004000s ]
INFO: [ app_begin ] --END-- [ RunTime:0.009001s ]
SQL: SHOW COLUMNS FROM `tb_employee` [ RunTime:0.0060s ]
SQL: SHOW COLUMNS FROM `tb_customer` [ RunTime:0.0050s ]
SQL: SELECT * FROM `tb_employee` WHERE ( phone='18875014256' )  [ RunTime:0.0010s ]
SQL: SHOW COLUMNS FROM `tb_employeejob` [ RunTime:0.0060s ]
SQL: SELECT m.* FROM tb_employeejob ej,tb_jobmenu jm,tb_menu m WHERE ( ej.jId = jm.jId and jm.mId = m.mId and ej.eId =1 )  [ RunTime:0.0010s ]
INFO: [ app_end ] --START--
INFO: Run Behavior\ShowPageTraceBehavior [ RunTime:0.004000s ]
INFO: [ app_end ] --END-- [ RunTime:0.009001s ]

[ 2017-04-25T08:30:06+08:00 ] ::1 /tp/index.php/Home/User/Login
INFO: [ app_init ] --START--
INFO: Run Behavior\BuildLiteBehavior [ RunTime:0.000000s ]
INFO: [ app_init ] --END-- [ RunTime:0.005001s ]
INFO: [ app_begin ] --START--
INFO: Run Behavior\ReadHtmlCacheBehavior [ RunTime:0.002000s ]
INFO: [ app_begin ] --END-- [ RunTime:0.006000s ]
SQL: SHOW COLUMNS FROM `tb_employee` [ RunTime:0.0190s ]
SQL: SHOW COLUMNS FROM `tb_customer` [ RunTime:0.0060s ]
SQL: SELECT * FROM `tb_employee` WHERE ( phone='18875014823' )  [ RunTime:0.0030s ]
SQL: SHOW COLUMNS FROM `tb_employeejob` [ RunTime:0.0030s ]
SQL: SELECT m.* FROM tb_employeejob ej,tb_jobmenu jm,tb_menu m WHERE ( ej.jId = jm.jId and jm.mId = m.mId and ej.eId =1 )  [ RunTime:0.0030s ]
INFO: [ app_end ] --START--
INFO: Run Behavior\ShowPageTraceBehavior [ RunTime:0.001000s ]
INFO: [ app_end ] --END-- [ RunTime:0.004000s ]

[ 2017-04-25T08:39:42+08:00 ] ::1 /tp/index.php?c=User&a=addEmployee
INFO: [ app_init ] --START--
INFO: Run Behavior\BuildLiteBehavior [ RunTime:0.001000s ]
INFO: [ app_init ] --END-- [ RunTime:0.006000s ]
INFO: [ app_begin ] --START--
INFO: Run Behavior\ReadHtmlCacheBehavior [ RunTime:0.002000s ]
INFO: [ app_begin ] --END-- [ RunTime:0.005000s ]
SQL: SHOW COLUMNS FROM `tb_employee` [ RunTime:0.0110s ]
SQL: SHOW COLUMNS FROM `tb_customer` [ RunTime:0.0040s ]
NOTIC: [8] Undefined index: eStates D:\PHP-webapp\tp\Application\Home\Controller\UserController.class.php 第 82 行.
NOTIC: [8] Undefined variable: userModel D:\PHP-webapp\tp\Application\Home\Controller\UserController.class.php 第 104 行.

[ 2017-04-25T08:40:59+08:00 ] ::1 /tp/index.php?c=User&a=addEmployee
INFO: [ app_init ] --START--
INFO: Run Behavior\BuildLiteBehavior [ RunTime:0.001000s ]
INFO: [ app_init ] --END-- [ RunTime:0.004000s ]
INFO: [ app_begin ] --START--
INFO: Run Behavior\ReadHtmlCacheBehavior [ RunTime:0.001000s ]
INFO: [ app_begin ] --END-- [ RunTime:0.003000s ]
SQL: SHOW COLUMNS FROM `tb_employee` [ RunTime:0.0090s ]
SQL: SHOW COLUMNS FROM `tb_customer` [ RunTime:0.0080s ]
NOTIC: [8] Undefined index: eStates D:\PHP-webapp\tp\Application\Home\Controller\UserController.class.php 第 82 行.
NOTIC: [8] Undefined variable: userModel D:\PHP-webapp\tp\Application\Home\Controller\UserController.class.php 第 104 行.

[ 2017-04-25T08:41:01+08:00 ] ::1 /tp/index.php?c=User&a=addEmployee
INFO: [ app_init ] --START--
INFO: Run Behavior\BuildLiteBehavior [ RunTime:0.001000s ]
INFO: [ app_init ] --END-- [ RunTime:0.005000s ]
INFO: [ app_begin ] --START--
INFO: Run Behavior\ReadHtmlCacheBehavior [ RunTime:0.001000s ]
INFO: [ app_begin ] --END-- [ RunTime:0.005000s ]
SQL: SHOW COLUMNS FROM `tb_employee` [ RunTime:0.0090s ]
SQL: SHOW COLUMNS FROM `tb_customer` [ RunTime:0.0070s ]
NOTIC: [8] Undefined index: eStates D:\PHP-webapp\tp\Application\Home\Controller\UserController.class.php 第 82 行.
NOTIC: [8] Undefined variable: userModel D:\PHP-webapp\tp\Application\Home\Controller\UserController.class.php 第 104 行.

[ 2017-04-25T08:41:07+08:00 ] ::1 /tp/index.php?c=User&a=addEmployee
INFO: [ app_init ] --START--
INFO: Run Behavior\BuildLiteBehavior [ RunTime:0.000000s ]
INFO: [ app_init ] --END-- [ RunTime:0.003000s ]
INFO: [ app_begin ] --START--
INFO: Run Behavior\ReadHtmlCacheBehavior [ RunTime:0.002000s ]
INFO: [ app_begin ] --END-- [ RunTime:0.003000s ]
SQL: SHOW COLUMNS FROM `tb_employee` [ RunTime:0.0100s ]
SQL: SHOW COLUMNS FROM `tb_customer` [ RunTime:0.0040s ]
NOTIC: [8] Undefined index: eStates D:\PHP-webapp\tp\Application\Home\Controller\UserController.class.php 第 82 行.
NOTIC: [8] Undefined variable: userModel D:\PHP-webapp\tp\Application\Home\Controller\UserController.class.php 第 104 行.

[ 2017-04-25T08:41:54+08:00 ] ::1 /tp/index.php?c=User&a=addEmployee
INFO: [ app_init ] --START--
INFO: Run Behavior\BuildLiteBehavior [ RunTime:0.001000s ]
INFO: [ app_init ] --END-- [ RunTime:0.004001s ]
INFO: [ app_begin ] --START--
INFO: Run Behavior\ReadHtmlCacheBehavior [ RunTime:0.001000s ]
INFO: [ app_begin ] --END-- [ RunTime:0.004001s ]
SQL: SHOW COLUMNS FROM `tb_employee` [ RunTime:0.0030s ]
SQL: SHOW COLUMNS FROM `tb_customer` [ RunTime:0.0070s ]
NOTIC: [8] Undefined index: eStates D:\PHP-webapp\tp\Application\Home\Controller\UserController.class.php 第 82 行.
NOTIC: [8] Undefined variable: userModel D:\PHP-webapp\tp\Application\Home\Controller\UserController.class.php 第 104 行.

[ 2017-04-25T08:42:07+08:00 ] ::1 /tp/index.php?c=User&a=addEmployee
INFO: [ app_init ] --START--
INFO: Run Behavior\BuildLiteBehavior [ RunTime:0.001000s ]
INFO: [ app_init ] --END-- [ RunTime:0.003001s ]
INFO: [ app_begin ] --START--
INFO: Run Behavior\ReadHtmlCacheBehavior [ RunTime:0.002000s ]
INFO: [ app_begin ] --END-- [ RunTime:0.004001s ]
SQL: SHOW COLUMNS FROM `tb_employee` [ RunTime:0.0040s ]
SQL: SHOW COLUMNS FROM `tb_customer` [ RunTime:0.0040s ]
NOTIC: [8] Undefined index: eStates D:\PHP-webapp\tp\Application\Home\Controller\UserController.class.php 第 82 行.
NOTIC: [8] Undefined variable: userModel D:\PHP-webapp\tp\Application\Home\Controller\UserController.class.php 第 104 行.

[ 2017-04-25T09:18:33+08:00 ] ::1 /tp/index.php/Home/User/User/Login
INFO: [ app_init ] --START--
INFO: Run Behavior\BuildLiteBehavior [ RunTime:0.001000s ]
INFO: [ app_init ] --END-- [ RunTime:0.003000s ]
INFO: [ app_begin ] --START--
INFO: Run Behavior\ReadHtmlCacheBehavior [ RunTime:0.004000s ]
INFO: [ app_begin ] --END-- [ RunTime:0.008000s ]
ERR: 无法加载控制器:User/User

[ 2017-04-25T09:20:31+08:00 ] ::1 /tp/index.php/Home/User/User/Login
INFO: [ app_init ] --START--
INFO: Run Behavior\BuildLiteBehavior [ RunTime:0.001000s ]
INFO: [ app_init ] --END-- [ RunTime:0.005000s ]
INFO: [ app_begin ] --START--
INFO: Run Behavior\ReadHtmlCacheBehavior [ RunTime:0.002000s ]
INFO: [ app_begin ] --END-- [ RunTime:0.005000s ]
SQL: SHOW COLUMNS FROM `tb_employee` [ RunTime:0.0150s ]
SQL: SHOW COLUMNS FROM `tb_customer` [ RunTime:0.0050s ]
SQL: SELECT * FROM `tb_employee` WHERE ( phone='18875014823' )  [ RunTime:0.0000s ]
SQL: SHOW COLUMNS FROM `tb_employeejob` [ RunTime:0.0030s ]
SQL: SELECT m.* FROM tb_employeejob ej,tb_jobmenu jm,tb_menu m WHERE ( ej.jId = jm.jId and jm.mId = m.mId and ej.eId =1 )  [ RunTime:0.0000s ]
INFO: [ app_end ] --START--
INFO: Run Behavior\ShowPageTraceBehavior [ RunTime:0.002000s ]
INFO: [ app_end ] --END-- [ RunTime:0.006001s ]

[ 2017-04-25T09:50:39+08:00 ] ::1 /tp/index.php/Home/User/User/Login
INFO: [ app_init ] --START--
INFO: Run Behavior\BuildLiteBehavior [ RunTime:0.000000s ]
INFO: [ app_init ] --END-- [ RunTime:0.004000s ]
INFO: [ app_begin ] --START--
INFO: Run Behavior\ReadHtmlCacheBehavior [ RunTime:0.002000s ]
INFO: [ app_begin ] --END-- [ RunTime:0.004000s ]

[ 2017-04-25T09:51:11+08:00 ] ::1 /tp/index.php/Home/User/User/Login
INFO: [ app_init ] --START--
INFO: Run Behavior\BuildLiteBehavior [ RunTime:0.001000s ]
INFO: [ app_init ] --END-- [ RunTime:0.003000s ]
INFO: [ app_begin ] --START--
INFO: Run Behavior\ReadHtmlCacheBehavior [ RunTime:0.002000s ]
INFO: [ app_begin ] --END-- [ RunTime:0.004000s ]

[ 2017-04-25T09:51:45+08:00 ] ::1 /tp/index.php/Home/User/User/Login
INFO: [ app_init ] --START--
INFO: Run Behavior\BuildLiteBehavior [ RunTime:0.001000s ]
INFO: [ app_init ] --END-- [ RunTime:0.004000s ]
INFO: [ app_begin ] --START--
INFO: Run Behavior\ReadHtmlCacheBehavior [ RunTime:0.001000s ]
INFO: [ app_begin ] --END-- [ RunTime:0.004000s ]
SQL: SHOW COLUMNS FROM `tb_employee` [ RunTime:0.0100s ]
SQL: SHOW COLUMNS FROM `tb_customer` [ RunTime:0.0040s ]
INFO: [ app_end ] --START--
INFO: Run Behavior\ShowPageTraceBehavior [ RunTime:0.003000s ]
INFO: [ app_end ] --END-- [ RunTime:0.008000s ]

[ 2017-04-25T11:15:42+08:00 ] ::1 /tp/index.php/Home/User/User/Login
INFO: [ app_init ] --START--
INFO: Run Behavior\BuildLiteBehavior [ RunTime:0.001000s ]
INFO: [ app_init ] --END-- [ RunTime:0.003000s ]
INFO: [ app_begin ] --START--
INFO: Run Behavior\ReadHtmlCacheBehavior [ RunTime:0.001000s ]
INFO: [ app_begin ] --END-- [ RunTime:0.003000s ]
SQL: SHOW COLUMNS FROM `tb_employee` [ RunTime:0.0130s ]
SQL: SHOW COLUMNS FROM `tb_customer` [ RunTime:0.0100s ]
SQL: SELECT * FROM `tb_employee` WHERE ( phone='18875014823' )  [ RunTime:0.0010s ]
SQL: SHOW COLUMNS FROM `tb_employeejob` [ RunTime:0.0030s ]
SQL: SELECT m.* FROM tb_employeejob ej,tb_jobmenu jm,tb_menu m WHERE ( ej.jId = jm.jId and jm.mId = m.mId and ej.eId =1 )  [ RunTime:0.0010s ]
INFO: [ app_end ] --START--
INFO: Run Behavior\ShowPageTraceBehavior [ RunTime:0.003000s ]
INFO: [ app_end ] --END-- [ RunTime:0.005000s ]

[ 2017-04-25T11:15:51+08:00 ] ::1 /tp/index.php/Home/User/testTree
INFO: [ app_init ] --START--
INFO: Run Behavior\BuildLiteBehavior [ RunTime:0.000000s ]
INFO: [ app_init ] --END-- [ RunTime:0.005001s ]
INFO: [ app_begin ] --START--
INFO: Run Behavior\ReadHtmlCacheBehavior [ RunTime:0.002000s ]
INFO: [ app_begin ] --END-- [ RunTime:0.006001s ]
ERR: 无法加载控制器:User/testTree

[ 2017-04-25T11:54:19+08:00 ] ::1 /tp/index.php/Home/User/User/loadEmployeeList?pageNo=1&pageSize=10
INFO: [ app_init ] --START--
INFO: Run Behavior\BuildLiteBehavior [ RunTime:0.001000s ]
INFO: [ app_init ] --END-- [ RunTime:0.003000s ]
INFO: [ app_begin ] --START--
INFO: Run Behavior\ReadHtmlCacheBehavior [ RunTime:0.001000s ]
INFO: [ app_begin ] --END-- [ RunTime:0.003000s ]
SQL: SHOW COLUMNS FROM `tb_employee` [ RunTime:0.0040s ]
SQL: SHOW COLUMNS FROM `tb_customer` [ RunTime:0.0050s ]
SQL: SELECT count(*) FROM `tb_employee` LIMIT 1   [ RunTime:0.0010s ]
SQL: SELECT * FROM `tb_employee` LIMIT 0,10   [ RunTime:0.0010s ]

[ 2017-04-25T13:42:35+08:00 ] ::1 /tp/index.php/Home/User/User/loadEmployeeList?pageNo=1&pageSize=10
INFO: [ app_init ] --START--
INFO: Run Behavior\BuildLiteBehavior [ RunTime:0.001000s ]
INFO: [ app_init ] --END-- [ RunTime:0.005000s ]
INFO: [ app_begin ] --START--
INFO: Run Behavior\ReadHtmlCacheBehavior [ RunTime:0.002000s ]
INFO: [ app_begin ] --END-- [ RunTime:0.004000s ]
SQL: SHOW COLUMNS FROM `tb_employee` [ RunTime:0.0070s ]
SQL: SHOW COLUMNS FROM `tb_customer` [ RunTime:0.0050s ]
SQL: SELECT count(*) FROM `tb_employee` LIMIT 1   [ RunTime:0.0010s ]
SQL: SELECT * FROM `tb_employee` LIMIT 0,10   [ RunTime:0.0010s ]

[ 2017-04-25T14:00:56+08:00 ] ::1 /tp/index.php/Home/User/User/loadEmployeeList?pageNo=1&pageSize=10
INFO: [ app_init ] --START--
INFO: Run Behavior\BuildLiteBehavior [ RunTime:0.000000s ]
INFO: [ app_init ] --END-- [ RunTime:0.005000s ]
INFO: [ app_begin ] --START--
INFO: Run Behavior\ReadHtmlCacheBehavior [ RunTime:0.002000s ]
INFO: [ app_begin ] --END-- [ RunTime:0.004000s ]
SQL: SHOW COLUMNS FROM `tb_employee` [ RunTime:0.0030s ]
SQL: SHOW COLUMNS FROM `tb_customer` [ RunTime:0.0030s ]
SQL: SELECT count(*) FROM `tb_employee` LIMIT 1   [ RunTime:0.0010s ]
SQL: SELECT * FROM `tb_employee` LIMIT 0,10   [ RunTime:0.0000s ]

[ 2017-04-25T14:01:21+08:00 ] ::1 /tp/index.php/Home/User/User/loadEmployeeList?pageNo=1&pageSize=10
INFO: [ app_init ] --START--
INFO: Run Behavior\BuildLiteBehavior [ RunTime:0.000000s ]
INFO: [ app_init ] --END-- [ RunTime:0.003000s ]
INFO: [ app_begin ] --START--
INFO: Run Behavior\ReadHtmlCacheBehavior [ RunTime:0.003000s ]
INFO: [ app_begin ] --END-- [ RunTime:0.005001s ]
SQL: SHOW COLUMNS FROM `tb_employee` [ RunTime:0.0040s ]
SQL: SHOW COLUMNS FROM `tb_customer` [ RunTime:0.0020s ]
SQL: SELECT count(*) FROM `tb_employee` LIMIT 1   [ RunTime:0.0010s ]
SQL: SELECT * FROM `tb_employee` LIMIT 0,10   [ RunTime:0.0010s ]

[ 2017-04-25T14:10:03+08:00 ] ::1 /tp/index.php/Home/User/User/loadEmployeeList?pageNo=1&pageSize=10
INFO: [ app_init ] --START--
INFO: Run Behavior\BuildLiteBehavior [ RunTime:0.001000s ]
INFO: [ app_init ] --END-- [ RunTime:0.006001s ]
INFO: [ app_begin ] --START--
INFO: Run Behavior\ReadHtmlCacheBehavior [ RunTime:0.002000s ]
INFO: [ app_begin ] --END-- [ RunTime:0.004000s ]
SQL: SHOW COLUMNS FROM `tb_employee` [ RunTime:0.0050s ]
SQL: SHOW COLUMNS FROM `tb_customer` [ RunTime:0.0070s ]
SQL: SELECT count(*) FROM `tb_employee` LIMIT 1   [ RunTime:0.0010s ]
SQL: SELECT * FROM `tb_employee` LIMIT 0,10   [ RunTime:0.0000s ]

[ 2017-04-25T14:10:11+08:00 ] ::1 /tp/index.php/Home/User/User/loadEmployeeList?pageNo=1&pageSize=20
INFO: [ app_init ] --START--
INFO: Run Behavior\BuildLiteBehavior [ RunTime:0.000000s ]
INFO: [ app_init ] --END-- [ RunTime:0.006001s ]
INFO: [ app_begin ] --START--
INFO: Run Behavior\ReadHtmlCacheBehavior [ RunTime:0.001000s ]
INFO: [ app_begin ] --END-- [ RunTime:0.003000s ]
SQL: SHOW COLUMNS FROM `tb_employee` [ RunTime:0.0080s ]
SQL: SHOW COLUMNS FROM `tb_customer` [ RunTime:0.0060s ]
SQL: SELECT count(*) FROM `tb_employee` LIMIT 1   [ RunTime:0.0010s ]
SQL: SELECT * FROM `tb_employee` LIMIT 0,20   [ RunTime:0.0010s ]

[ 2017-04-25T14:10:15+08:00 ] ::1 /tp/index.php/Home/User/User/loadEmployeeList?pageNo=1&pageSize=10
INFO: [ app_init ] --START--
INFO: Run Behavior\BuildLiteBehavior [ RunTime:0.000000s ]
INFO: [ app_init ] --END-- [ RunTime:0.004001s ]
INFO: [ app_begin ] --START--
INFO: Run Behavior\ReadHtmlCacheBehavior [ RunTime:0.001000s ]
INFO: [ app_begin ] --END-- [ RunTime:0.003000s ]
SQL: SHOW COLUMNS FROM `tb_employee` [ RunTime:0.0060s ]
SQL: SHOW COLUMNS FROM `tb_customer` [ RunTime:0.0060s ]
SQL: SELECT count(*) FROM `tb_employee` LIMIT 1   [ RunTime:0.0000s ]
SQL: SELECT * FROM `tb_employee` LIMIT 0,10   [ RunTime:0.0010s ]

[ 2017-04-25T14:16:35+08:00 ] ::1 /tp/index.php/Home/User/User/loadEmployeeList?pageNo=1&pageSize=10
INFO: [ app_init ] --START--
INFO: Run Behavior\BuildLiteBehavior [ RunTime:0.000000s ]
INFO: [ app_init ] --END-- [ RunTime:0.004000s ]
INFO: [ app_begin ] --START--
INFO: Run Behavior\ReadHtmlCacheBehavior [ RunTime:0.002000s ]
INFO: [ app_begin ] --END-- [ RunTime:0.004000s ]
SQL: SHOW COLUMNS FROM `tb_employee` [ RunTime:0.0110s ]
SQL: SHOW COLUMNS FROM `tb_customer` [ RunTime:0.0040s ]
SQL: SELECT count(*) FROM `tb_employee` LIMIT 1   [ RunTime:0.0000s ]
ERR: 1064:You have an error in your SQL syntax; check the manual that corresponds to your MySQL server version for the right syntax to use near 'and eStates like '%在职%' and phone like '%%' and eName like '%%' ) LIMIT 0,10' at line 1
 [ SQL语句 ] : SELECT * FROM `tb_employee` WHERE ( and eStates like '%在职%' and phone like '%%' and eName like '%%' ) LIMIT 0,10  
ERR: 1064:You have an error in your SQL syntax; check the manual that corresponds to your MySQL server version for the right syntax to use near 'and eStates like '%在职%' and phone like '%%' and eName like '%%' ) LIMIT 0,10' at line 1
 [ SQL语句 ] : SELECT * FROM `tb_employee` WHERE ( and eStates like '%在职%' and phone like '%%' and eName like '%%' ) LIMIT 0,10  
NOTIC: [2] Cannot modify header information - headers already sent by (output started at D:\PHP-webapp\tp\ThinkPHP\Library\Think\Db\Driver.class.php:170) D:\PHP-webapp\tp\ThinkPHP\Library\Think\Think.class.php 第 229 行.
NOTIC: [2] Cannot modify header information - headers already sent by (output started at D:\PHP-webapp\tp\ThinkPHP\Library\Think\Db\Driver.class.php:170) D:\PHP-webapp\tp\ThinkPHP\Library\Think\Think.class.php 第 230 行.

[ 2017-04-25T14:16:43+08:00 ] ::1 /tp/index.php/Home/User/User/loadEmployeeList?pageNo=1&pageSize=10
INFO: [ app_init ] --START--
INFO: Run Behavior\BuildLiteBehavior [ RunTime:0.001000s ]
INFO: [ app_init ] --END-- [ RunTime:0.007000s ]
INFO: [ app_begin ] --START--
INFO: Run Behavior\ReadHtmlCacheBehavior [ RunTime:0.001000s ]
INFO: [ app_begin ] --END-- [ RunTime:0.003000s ]
SQL: SHOW COLUMNS FROM `tb_employee` [ RunTime:0.0030s ]
SQL: SHOW COLUMNS FROM `tb_customer` [ RunTime:0.0050s ]
SQL: SELECT count(*) FROM `tb_employee` LIMIT 1   [ RunTime:0.0000s ]
ERR: 1064:You have an error in your SQL syntax; check the manual that corresponds to your MySQL server version for the right syntax to use near 'and eStates like '%%' and phone like '%%' and eName like '%%' ) LIMIT 0,10' at line 1
 [ SQL语句 ] : SELECT * FROM `tb_employee` WHERE ( and eStates like '%%' and phone like '%%' and eName like '%%' ) LIMIT 0,10  
ERR: 1064:You have an error in your SQL syntax; check the manual that corresponds to your MySQL server version for the right syntax to use near 'and eStates like '%%' and phone like '%%' and eName like '%%' ) LIMIT 0,10' at line 1
 [ SQL语句 ] : SELECT * FROM `tb_employee` WHERE ( and eStates like '%%' and phone like '%%' and eName like '%%' ) LIMIT 0,10  
NOTIC: [2] Cannot modify header information - headers already sent by (output started at D:\PHP-webapp\tp\ThinkPHP\Library\Think\Db\Driver.class.php:170) D:\PHP-webapp\tp\ThinkPHP\Library\Think\Think.class.php 第 229 行.
NOTIC: [2] Cannot modify header information - headers already sent by (output started at D:\PHP-webapp\tp\ThinkPHP\Library\Think\Db\Driver.class.php:170) D:\PHP-webapp\tp\ThinkPHP\Library\Think\Think.class.php 第 230 行.

[ 2017-04-25T14:19:07+08:00 ] ::1 /tp/index.php/Home/User/User/loadEmployeeList?pageNo=1&pageSize=10
INFO: [ app_init ] --START--
INFO: Run Behavior\BuildLiteBehavior [ RunTime:0.000000s ]
INFO: [ app_init ] --END-- [ RunTime:0.006000s ]
INFO: [ app_begin ] --START--
INFO: Run Behavior\ReadHtmlCacheBehavior [ RunTime:0.002000s ]
INFO: [ app_begin ] --END-- [ RunTime:0.004000s ]
SQL: SHOW COLUMNS FROM `tb_employee` [ RunTime:0.0030s ]
SQL: SHOW COLUMNS FROM `tb_customer` [ RunTime:0.0030s ]
SQL: SELECT count(*) FROM `tb_employee` LIMIT 1   [ RunTime:0.0010s ]
SQL: SELECT * FROM `tb_employee` LIMIT 0,10   [ RunTime:0.0000s ]

[ 2017-04-25T14:30:27+08:00 ] ::1 /tp/index.php/Home/User/User/loadEmployeeList?pageNo=1&pageSize=10
INFO: [ app_init ] --START--
INFO: Run Behavior\BuildLiteBehavior [ RunTime:0.000000s ]
INFO: [ app_init ] --END-- [ RunTime:0.003000s ]
INFO: [ app_begin ] --START--
INFO: Run Behavior\ReadHtmlCacheBehavior [ RunTime:0.001000s ]
INFO: [ app_begin ] --END-- [ RunTime:0.004000s ]
SQL: SHOW COLUMNS FROM `tb_employee` [ RunTime:0.0040s ]
SQL: SHOW COLUMNS FROM `tb_customer` [ RunTime:0.0030s ]
SQL: SELECT COUNT(*) AS tp_count FROM `tb_employee` LIMIT 1   [ RunTime:0.0010s ]
SQL: SELECT * FROM `tb_employee` LIMIT 0,10   [ RunTime:0.0010s ]

[ 2017-04-25T14:37:24+08:00 ] ::1 /tp/index.php/Home/User/User/loadEmployeeList?pageNo=1&pageSize=10
INFO: [ app_init ] --START--
INFO: Run Behavior\BuildLiteBehavior [ RunTime:0.001001s ]
INFO: [ app_init ] --END-- [ RunTime:0.003001s ]
INFO: [ app_begin ] --START--
INFO: Run Behavior\ReadHtmlCacheBehavior [ RunTime:0.002000s ]
INFO: [ app_begin ] --END-- [ RunTime:0.003000s ]
SQL: SHOW COLUMNS FROM `tb_employee` [ RunTime:0.0140s ]
SQL: SHOW COLUMNS FROM `tb_customer` [ RunTime:0.0070s ]
SQL: SELECT COUNT(*) AS tp_count FROM `tb_employee` LIMIT 1   [ RunTime:0.0010s ]
SQL: SELECT * FROM `tb_employee` WHERE `eStates` LIKE '\'%在职%\'' AND `eName` LIKE '\'%%\'' AND `phone` LIKE '\'%%\'' LIMIT 0,10   [ RunTime:0.0010s ]

[ 2017-04-25T14:37:29+08:00 ] ::1 /tp/index.php/Home/User/User/loadEmployeeList?pageNo=1&pageSize=10
INFO: [ app_init ] --START--
INFO: Run Behavior\BuildLiteBehavior [ RunTime:0.001000s ]
INFO: [ app_init ] --END-- [ RunTime:0.003000s ]
INFO: [ app_begin ] --START--
INFO: Run Behavior\ReadHtmlCacheBehavior [ RunTime:0.002000s ]
INFO: [ app_begin ] --END-- [ RunTime:0.003000s ]
SQL: SHOW COLUMNS FROM `tb_employee` [ RunTime:0.0130s ]
SQL: SHOW COLUMNS FROM `tb_customer` [ RunTime:0.0060s ]
SQL: SELECT COUNT(*) AS tp_count FROM `tb_employee` LIMIT 1   [ RunTime:0.0010s ]
SQL: SELECT * FROM `tb_employee` WHERE `eStates` LIKE '\'%离职%\'' AND `eName` LIKE '\'%%\'' AND `phone` LIKE '\'%%\'' LIMIT 0,10   [ RunTime:0.0010s ]

[ 2017-04-25T14:37:31+08:00 ] ::1 /tp/index.php/Home/User/User/loadEmployeeList?pageNo=1&pageSize=10
INFO: [ app_init ] --START--
INFO: Run Behavior\BuildLiteBehavior [ RunTime:0.000000s ]
INFO: [ app_init ] --END-- [ RunTime:0.004001s ]
INFO: [ app_begin ] --START--
INFO: Run Behavior\ReadHtmlCacheBehavior [ RunTime:0.003000s ]
INFO: [ app_begin ] --END-- [ RunTime:0.005000s ]
SQL: SHOW COLUMNS FROM `tb_employee` [ RunTime:0.0110s ]
SQL: SHOW COLUMNS FROM `tb_customer` [ RunTime:0.0050s ]
SQL: SELECT COUNT(*) AS tp_count FROM `tb_employee` LIMIT 1   [ RunTime:0.0010s ]
SQL: SELECT * FROM `tb_employee` WHERE `eName` LIKE '\'%%\'' AND `phone` LIKE '\'%%\'' LIMIT 0,10   [ RunTime:0.0000s ]

[ 2017-04-25T14:37:36+08:00 ] ::1 /tp/index.php/Home/User/testTree
INFO: [ app_init ] --START--
INFO: Run Behavior\BuildLiteBehavior [ RunTime:0.001000s ]
INFO: [ app_init ] --END-- [ RunTime:0.005001s ]
INFO: [ app_begin ] --START--
INFO: Run Behavior\ReadHtmlCacheBehavior [ RunTime:0.002000s ]
INFO: [ app_begin ] --END-- [ RunTime:0.007001s ]
ERR: 无法加载控制器:User/testTree

[ 2017-04-25T14:37:40+08:00 ] ::1 /tp/index.php/Home/User/User/loadEmployeeList?pageNo=1&pageSize=10
INFO: [ app_init ] --START--
INFO: Run Behavior\BuildLiteBehavior [ RunTime:0.001000s ]
INFO: [ app_init ] --END-- [ RunTime:0.006001s ]
INFO: [ app_begin ] --START--
INFO: Run Behavior\ReadHtmlCacheBehavior [ RunTime:0.002000s ]
INFO: [ app_begin ] --END-- [ RunTime:0.004000s ]
SQL: SHOW COLUMNS FROM `tb_employee` [ RunTime:0.0060s ]
SQL: SHOW COLUMNS FROM `tb_customer` [ RunTime:0.0060s ]
SQL: SELECT COUNT(*) AS tp_count FROM `tb_employee` LIMIT 1   [ RunTime:0.0000s ]
SQL: SELECT * FROM `tb_employee` LIMIT 0,10   [ RunTime:0.0000s ]

[ 2017-04-25T14:38:14+08:00 ] ::1 /tp/index.php/Home/User/User/loadEmployeeList?pageNo=1&pageSize=10
INFO: [ app_init ] --START--
INFO: Run Behavior\BuildLiteBehavior [ RunTime:0.000000s ]
INFO: [ app_init ] --END-- [ RunTime:0.003000s ]
INFO: [ app_begin ] --START--
INFO: Run Behavior\ReadHtmlCacheBehavior [ RunTime:0.002000s ]
INFO: [ app_begin ] --END-- [ RunTime:0.004000s ]
SQL: SHOW COLUMNS FROM `tb_employee` [ RunTime:0.0070s ]
SQL: SHOW COLUMNS FROM `tb_customer` [ RunTime:0.0040s ]
SQL: SELECT COUNT(*) AS tp_count FROM `tb_employee` LIMIT 1   [ RunTime:0.0010s ]
SQL: SELECT * FROM `tb_employee` LIMIT 0,10   [ RunTime:0.0030s ]

[ 2017-04-25T14:38:19+08:00 ] ::1 /tp/index.php/Home/User/User/loadEmployeeList?pageNo=1&pageSize=10
INFO: [ app_init ] --START--
INFO: Run Behavior\BuildLiteBehavior [ RunTime:0.000000s ]
INFO: [ app_init ] --END-- [ RunTime:0.005001s ]
INFO: [ app_begin ] --START--
INFO: Run Behavior\ReadHtmlCacheBehavior [ RunTime:0.001000s ]
INFO: [ app_begin ] --END-- [ RunTime:0.003000s ]
SQL: SHOW COLUMNS FROM `tb_employee` [ RunTime:0.0110s ]
SQL: SHOW COLUMNS FROM `tb_customer` [ RunTime:0.0050s ]
SQL: SELECT COUNT(*) AS tp_count FROM `tb_employee` LIMIT 1   [ RunTime:0.0000s ]
SQL: SELECT * FROM `tb_employee` WHERE `eStates` = '\'在职\'' AND `eName` LIKE '\'%%\'' AND `phone` LIKE '\'%%\'' LIMIT 0,10   [ RunTime:0.0010s ]

[ 2017-04-25T14:39:03+08:00 ] ::1 /tp/index.php/Home/User/User/loadEmployeeList?pageNo=1&pageSize=10
INFO: [ app_init ] --START--
INFO: Run Behavior\BuildLiteBehavior [ RunTime:0.001000s ]
INFO: [ app_init ] --END-- [ RunTime:0.004000s ]
INFO: [ app_begin ] --START--
INFO: Run Behavior\ReadHtmlCacheBehavior [ RunTime:0.001000s ]
INFO: [ app_begin ] --END-- [ RunTime:0.003001s ]
SQL: SHOW COLUMNS FROM `tb_employee` [ RunTime:0.0030s ]
SQL: SHOW COLUMNS FROM `tb_customer` [ RunTime:0.0020s ]
SQL: SELECT COUNT(*) AS tp_count FROM `tb_employee` LIMIT 1   [ RunTime:0.0010s ]
NOTIC: [4096] Object of class Think\Model could not be converted to string D:\PHP-webapp\tp\Application\Home\Controller\User\UserController.class.php 第 141 行.
INFO: [ app_end ] --START--
INFO: Run Behavior\ShowPageTraceBehavior [ RunTime:0.003000s ]
INFO: [ app_end ] --END-- [ RunTime:0.006000s ]

[ 2017-04-25T14:39:31+08:00 ] ::1 /tp/index.php/Home/User/User/loadEmployeeList?pageNo=1&pageSize=10
INFO: [ app_init ] --START--
INFO: Run Behavior\BuildLiteBehavior [ RunTime:0.001000s ]
INFO: [ app_init ] --END-- [ RunTime:0.003001s ]
INFO: [ app_begin ] --START--
INFO: Run Behavior\ReadHtmlCacheBehavior [ RunTime:0.002000s ]
INFO: [ app_begin ] --END-- [ RunTime:0.004000s ]
SQL: SHOW COLUMNS FROM `tb_employee` [ RunTime:0.0040s ]
SQL: SHOW COLUMNS FROM `tb_customer` [ RunTime:0.0020s ]
SQL: SELECT COUNT(*) AS tp_count FROM `tb_employee` LIMIT 1   [ RunTime:0.0010s ]
NOTIC: [4096] Object of class Think\Model could not be converted to string D:\PHP-webapp\tp\Application\Home\Controller\User\UserController.class.php 第 141 行.
INFO: [ app_end ] --START--
INFO: Run Behavior\ShowPageTraceBehavior [ RunTime:0.001000s ]
INFO: [ app_end ] --END-- [ RunTime:0.003001s ]

[ 2017-04-25T14:40:33+08:00 ] ::1 /tp/index.php/Home/User/User/loadEmployeeList?pageNo=1&pageSize=10
INFO: [ app_init ] --START--
INFO: Run Behavior\BuildLiteBehavior [ RunTime:0.000000s ]
INFO: [ app_init ] --END-- [ RunTime:0.007001s ]
INFO: [ app_begin ] --START--
INFO: Run Behavior\ReadHtmlCacheBehavior [ RunTime:0.002000s ]
INFO: [ app_begin ] --END-- [ RunTime:0.004000s ]
SQL: SHOW COLUMNS FROM `tb_employee` [ RunTime:0.0020s ]
SQL: SHOW COLUMNS FROM `tb_customer` [ RunTime:0.0020s ]
SQL: SELECT COUNT(*) AS tp_count FROM `tb_employee` LIMIT 1   [ RunTime:0.0000s ]
NOTIC: [4096] Object of class Think\Model could not be converted to string D:\PHP-webapp\tp\Application\Home\Controller\User\UserController.class.php 第 141 行.

[ 2017-04-25T14:40:52+08:00 ] ::1 /tp/index.php/Home/User/User/loadEmployeeList?pageNo=1&pageSize=10
INFO: [ app_init ] --START--
INFO: Run Behavior\BuildLiteBehavior [ RunTime:0.000000s ]
INFO: [ app_init ] --END-- [ RunTime:0.004000s ]
INFO: [ app_begin ] --START--
INFO: Run Behavior\ReadHtmlCacheBehavior [ RunTime:0.001000s ]
INFO: [ app_begin ] --END-- [ RunTime:0.004000s ]
SQL: SHOW COLUMNS FROM `tb_employee` [ RunTime:0.0030s ]
SQL: SHOW COLUMNS FROM `tb_customer` [ RunTime:0.0050s ]
SQL: SELECT COUNT(*) AS tp_count FROM `tb_employee` LIMIT 1   [ RunTime:0.0000s ]
NOTIC: [4096] Object of class Think\Model could not be converted to string D:\PHP-webapp\tp\Application\Home\Controller\User\UserController.class.php 第 141 行.

[ 2017-04-25T14:41:35+08:00 ] ::1 /tp/index.php/Home/User/User/loadEmployeeList?pageNo=1&pageSize=10
INFO: [ app_init ] --START--
INFO: Run Behavior\BuildLiteBehavior [ RunTime:0.001000s ]
INFO: [ app_init ] --END-- [ RunTime:0.004000s ]
INFO: [ app_begin ] --START--
INFO: Run Behavior\ReadHtmlCacheBehavior [ RunTime:0.003000s ]
INFO: [ app_begin ] --END-- [ RunTime:0.006000s ]
SQL: SHOW COLUMNS FROM `tb_employee` [ RunTime:0.0030s ]
SQL: SHOW COLUMNS FROM `tb_customer` [ RunTime:0.0040s ]
SQL: SELECT COUNT(*) AS tp_count FROM `tb_employee` LIMIT 1   [ RunTime:0.0000s ]
SQL: SELECT * FROM `tb_employee` LIMIT 0,10   [ RunTime:0.0020s ]

[ 2017-04-25T14:42:06+08:00 ] ::1 /tp/index.php/Home/User/User/loadEmployeeList?pageNo=1&pageSize=10
INFO: [ app_init ] --START--
INFO: Run Behavior\BuildLiteBehavior [ RunTime:0.000000s ]
INFO: [ app_init ] --END-- [ RunTime:0.004000s ]
INFO: [ app_begin ] --START--
INFO: Run Behavior\ReadHtmlCacheBehavior [ RunTime:0.002001s ]
INFO: [ app_begin ] --END-- [ RunTime:0.005001s ]
SQL: SHOW COLUMNS FROM `tb_employee` [ RunTime:0.0040s ]
SQL: SHOW COLUMNS FROM `tb_customer` [ RunTime:0.0070s ]
SQL: SELECT COUNT(*) AS tp_count FROM `tb_employee` LIMIT 1   [ RunTime:0.0000s ]
NOTIC: [4096] Object of class Think\Model could not be converted to string D:\PHP-webapp\tp\Application\Home\Controller\User\UserController.class.php 第 141 行.

[ 2017-04-25T14:43:58+08:00 ] ::1 /tp/index.php/Home/User/User/loadEmployeeList?pageNo=1&pageSize=10
INFO: [ app_init ] --START--
INFO: Run Behavior\BuildLiteBehavior [ RunTime:0.000000s ]
INFO: [ app_init ] --END-- [ RunTime:0.004000s ]
INFO: [ app_begin ] --START--
INFO: Run Behavior\ReadHtmlCacheBehavior [ RunTime:0.002000s ]
INFO: [ app_begin ] --END-- [ RunTime:0.005000s ]
SQL: SHOW COLUMNS FROM `tb_employee` [ RunTime:0.0030s ]
SQL: SHOW COLUMNS FROM `tb_customer` [ RunTime:0.0030s ]
SQL: SELECT COUNT(*) AS tp_count FROM `tb_employee` LIMIT 1   [ RunTime:0.0010s ]
INFO: [ app_end ] --START--
INFO: Run Behavior\ShowPageTraceBehavior [ RunTime:0.003000s ]
INFO: [ app_end ] --END-- [ RunTime:0.008000s ]

[ 2017-04-25T14:44:38+08:00 ] ::1 /tp/index.php/Home/User/User/loadEmployeeList?pageNo=1&pageSize=10
INFO: [ app_init ] --START--
INFO: Run Behavior\BuildLiteBehavior [ RunTime:0.001000s ]
INFO: [ app_init ] --END-- [ RunTime:0.006000s ]
INFO: [ app_begin ] --START--
INFO: Run Behavior\ReadHtmlCacheBehavior [ RunTime:0.002000s ]
INFO: [ app_begin ] --END-- [ RunTime:0.004000s ]
SQL: SHOW COLUMNS FROM `tb_employee` [ RunTime:0.0030s ]
SQL: SHOW COLUMNS FROM `tb_customer` [ RunTime:0.0030s ]
SQL: SELECT COUNT(*) AS tp_count FROM `tb_employee` LIMIT 1   [ RunTime:0.0000s ]
INFO: [ app_end ] --START--
INFO: Run Behavior\ShowPageTraceBehavior [ RunTime:0.002001s ]
INFO: [ app_end ] --END-- [ RunTime:0.005001s ]

[ 2017-04-25T14:44:47+08:00 ] ::1 /tp/index.php/Home/User/User/loadEmployeeList?pageNo=1&pageSize=10
INFO: [ app_init ] --START--
INFO: Run Behavior\BuildLiteBehavior [ RunTime:0.001000s ]
INFO: [ app_init ] --END-- [ RunTime:0.003000s ]
INFO: [ app_begin ] --START--
INFO: Run Behavior\ReadHtmlCacheBehavior [ RunTime:0.002000s ]
INFO: [ app_begin ] --END-- [ RunTime:0.003001s ]
SQL: SHOW COLUMNS FROM `tb_employee` [ RunTime:0.0050s ]
SQL: SHOW COLUMNS FROM `tb_customer` [ RunTime:0.0030s ]
SQL: SELECT COUNT(*) AS tp_count FROM `tb_employee` LIMIT 1   [ RunTime:0.0010s ]
INFO: [ app_end ] --START--
INFO: Run Behavior\ShowPageTraceBehavior [ RunTime:0.001000s ]
INFO: [ app_end ] --END-- [ RunTime:0.004000s ]

[ 2017-04-25T14:47:40+08:00 ] ::1 /tp/index.php/Home/User/User/loadEmployeeList?pageNo=1&pageSize=10
INFO: [ app_init ] --START--
INFO: Run Behavior\BuildLiteBehavior [ RunTime:0.001000s ]
INFO: [ app_init ] --END-- [ RunTime:0.004000s ]
INFO: [ app_begin ] --START--
INFO: Run Behavior\ReadHtmlCacheBehavior [ RunTime:0.002000s ]
INFO: [ app_begin ] --END-- [ RunTime:0.004000s ]
SQL: SHOW COLUMNS FROM `tb_employee` [ RunTime:0.0020s ]
SQL: SHOW COLUMNS FROM `tb_customer` [ RunTime:0.0050s ]
SQL: SELECT COUNT(*) AS tp_count FROM `tb_employee` LIMIT 1   [ RunTime:0.0000s ]
INFO: [ app_end ] --START--
INFO: Run Behavior\ShowPageTraceBehavior [ RunTime:0.001000s ]
INFO: [ app_end ] --END-- [ RunTime:0.003000s ]

[ 2017-04-25T14:47:52+08:00 ] ::1 /tp/index.php/Home/User/User/loadEmployeeList?pageNo=1&pageSize=10
INFO: [ app_init ] --START--
INFO: Run Behavior\BuildLiteBehavior [ RunTime:0.000000s ]
INFO: [ app_init ] --END-- [ RunTime:0.008001s ]
INFO: [ app_begin ] --START--
INFO: Run Behavior\ReadHtmlCacheBehavior [ RunTime:0.006000s ]
INFO: [ app_begin ] --END-- [ RunTime:0.009000s ]
SQL: SHOW COLUMNS FROM `tb_employee` [ RunTime:0.0030s ]
SQL: SHOW COLUMNS FROM `tb_customer` [ RunTime:0.0020s ]
SQL: SELECT COUNT(*) AS tp_count FROM `tb_employee` LIMIT 1   [ RunTime:0.0010s ]
INFO: [ app_end ] --START--
INFO: Run Behavior\ShowPageTraceBehavior [ RunTime:0.001000s ]
INFO: [ app_end ] --END-- [ RunTime:0.003000s ]

[ 2017-04-25T14:48:35+08:00 ] ::1 /tp/index.php/Home/User/User/loadEmployeeList?pageNo=1&pageSize=10
INFO: [ app_init ] --START--
INFO: Run Behavior\BuildLiteBehavior [ RunTime:0.000000s ]
INFO: [ app_init ] --END-- [ RunTime:0.005001s ]
INFO: [ app_begin ] --START--
INFO: Run Behavior\ReadHtmlCacheBehavior [ RunTime:0.002000s ]
INFO: [ app_begin ] --END-- [ RunTime:0.004000s ]
SQL: SHOW COLUMNS FROM `tb_employee` [ RunTime:0.0050s ]
SQL: SHOW COLUMNS FROM `tb_customer` [ RunTime:0.0020s ]
SQL: SELECT COUNT(*) AS tp_count FROM `tb_employee` LIMIT 1   [ RunTime:0.0010s ]
SQL: SELECT * FROM `tb_employee` LIMIT 0,10   [ RunTime:0.0000s ]

[ 2017-04-25T14:48:38+08:00 ] ::1 /tp/index.php/Home/User/User/loadEmployeeList?pageNo=1&pageSize=10
INFO: [ app_init ] --START--
INFO: Run Behavior\BuildLiteBehavior [ RunTime:0.000000s ]
INFO: [ app_init ] --END-- [ RunTime:0.004000s ]
INFO: [ app_begin ] --START--
INFO: Run Behavior\ReadHtmlCacheBehavior [ RunTime:0.002000s ]
INFO: [ app_begin ] --END-- [ RunTime:0.004000s ]
SQL: SHOW COLUMNS FROM `tb_employee` [ RunTime:0.0070s ]
SQL: SHOW COLUMNS FROM `tb_customer` [ RunTime:0.0030s ]
SQL: SELECT COUNT(*) AS tp_count FROM `tb_employee` LIMIT 1   [ RunTime:0.0010s ]
SQL: SELECT * FROM `tb_employee` WHERE `eStates` = '在职' LIMIT 0,10   [ RunTime:0.0010s ]

[ 2017-04-25T14:48:50+08:00 ] ::1 /tp/index.php/Home/User/User/loadEmployeeList?pageNo=1&pageSize=10
INFO: [ app_init ] --START--
INFO: Run Behavior\BuildLiteBehavior [ RunTime:0.000000s ]
INFO: [ app_init ] --END-- [ RunTime:0.005000s ]
INFO: [ app_begin ] --START--
INFO: Run Behavior\ReadHtmlCacheBehavior [ RunTime:0.002000s ]
INFO: [ app_begin ] --END-- [ RunTime:0.004000s ]
SQL: SHOW COLUMNS FROM `tb_employee` [ RunTime:0.0060s ]
SQL: SHOW COLUMNS FROM `tb_customer` [ RunTime:0.0060s ]
SQL: SELECT COUNT(*) AS tp_count FROM `tb_employee` LIMIT 1   [ RunTime:0.0000s ]
SQL: SELECT * FROM `tb_employee` WHERE `eStates` = '在职' AND `phone` LIKE '4444' LIMIT 0,10   [ RunTime:0.0010s ]

[ 2017-04-25T14:48:56+08:00 ] ::1 /tp/index.php/Home/User/User/loadEmployeeList?pageNo=1&pageSize=10
INFO: [ app_init ] --START--
INFO: Run Behavior\BuildLiteBehavior [ RunTime:0.000000s ]
INFO: [ app_init ] --END-- [ RunTime:0.003001s ]
INFO: [ app_begin ] --START--
INFO: Run Behavior\ReadHtmlCacheBehavior [ RunTime:0.002000s ]
INFO: [ app_begin ] --END-- [ RunTime:0.004000s ]
SQL: SHOW COLUMNS FROM `tb_employee` [ RunTime:0.0020s ]
SQL: SHOW COLUMNS FROM `tb_customer` [ RunTime:0.0060s ]
SQL: SELECT COUNT(*) AS tp_count FROM `tb_employee` LIMIT 1   [ RunTime:0.0010s ]
SQL: SELECT * FROM `tb_employee` WHERE `eStates` = '在职' LIMIT 0,10   [ RunTime:0.0010s ]

[ 2017-04-25T14:49:00+08:00 ] ::1 /tp/index.php/Home/User/User/loadEmployeeList?pageNo=1&pageSize=10
INFO: [ app_init ] --START--
INFO: Run Behavior\BuildLiteBehavior [ RunTime:0.000000s ]
INFO: [ app_init ] --END-- [ RunTime:0.004000s ]
INFO: [ app_begin ] --START--
INFO: Run Behavior\ReadHtmlCacheBehavior [ RunTime:0.001000s ]
INFO: [ app_begin ] --END-- [ RunTime:0.003001s ]
SQL: SHOW COLUMNS FROM `tb_employee` [ RunTime:0.0050s ]
SQL: SHOW COLUMNS FROM `tb_customer` [ RunTime:0.0020s ]
SQL: SELECT COUNT(*) AS tp_count FROM `tb_employee` LIMIT 1   [ RunTime:0.0000s ]
SQL: SELECT * FROM `tb_employee` LIMIT 0,10   [ RunTime:0.0000s ]

[ 2017-04-25T14:52:51+08:00 ] ::1 /tp/index.php/Home/User/User/loadEmployeeList?pageNo=1&pageSize=10
INFO: [ app_init ] --START--
INFO: Run Behavior\BuildLiteBehavior [ RunTime:0.000000s ]
INFO: [ app_init ] --END-- [ RunTime:0.004001s ]
INFO: [ app_begin ] --START--
INFO: Run Behavior\ReadHtmlCacheBehavior [ RunTime:0.002000s ]
INFO: [ app_begin ] --END-- [ RunTime:0.005000s ]
SQL: SHOW COLUMNS FROM `tb_employee` [ RunTime:0.0030s ]
SQL: SHOW COLUMNS FROM `tb_customer` [ RunTime:0.0050s ]
SQL: SELECT COUNT(*) AS tp_count FROM `tb_employee` LIMIT 1   [ RunTime:0.0010s ]
SQL: SELECT * FROM `tb_employee` WHERE `eStates` = '离职' LIMIT 0,10   [ RunTime:0.0010s ]

[ 2017-04-25T14:52:54+08:00 ] ::1 /tp/index.php/Home/User/User/loadEmployeeList?pageNo=1&pageSize=10
INFO: [ app_init ] --START--
INFO: Run Behavior\BuildLiteBehavior [ RunTime:0.001000s ]
INFO: [ app_init ] --END-- [ RunTime:0.006001s ]
INFO: [ app_begin ] --START--
INFO: Run Behavior\ReadHtmlCacheBehavior [ RunTime:0.002000s ]
INFO: [ app_begin ] --END-- [ RunTime:0.006000s ]
SQL: SHOW COLUMNS FROM `tb_employee` [ RunTime:0.0070s ]
SQL: SHOW COLUMNS FROM `tb_customer` [ RunTime:0.0030s ]
SQL: SELECT COUNT(*) AS tp_count FROM `tb_employee` LIMIT 1   [ RunTime:0.0010s ]
SQL: SELECT * FROM `tb_employee` WHERE `eStates` = '在职' LIMIT 0,10   [ RunTime:0.0010s ]

[ 2017-04-25T14:52:56+08:00 ] ::1 /tp/index.php/Home/User/User/loadEmployeeList?pageNo=1&pageSize=10
INFO: [ app_init ] --START--
INFO: Run Behavior\BuildLiteBehavior [ RunTime:0.000000s ]
INFO: [ app_init ] --END-- [ RunTime:0.004000s ]
INFO: [ app_begin ] --START--
INFO: Run Behavior\ReadHtmlCacheBehavior [ RunTime:0.001000s ]
INFO: [ app_begin ] --END-- [ RunTime:0.003000s ]
SQL: SHOW COLUMNS FROM `tb_employee` [ RunTime:0.0060s ]
SQL: SHOW COLUMNS FROM `tb_customer` [ RunTime:0.0040s ]
SQL: SELECT COUNT(*) AS tp_count FROM `tb_employee` LIMIT 1   [ RunTime:0.0000s ]
SQL: SELECT * FROM `tb_employee` LIMIT 0,10   [ RunTime:0.0000s ]

[ 2017-04-25T14:53:12+08:00 ] ::1 /tp/index.php/Home/User/User/loadEmployeeList?pageNo=1&pageSize=10
INFO: [ app_init ] --START--
INFO: Run Behavior\BuildLiteBehavior [ RunTime:0.000000s ]
INFO: [ app_init ] --END-- [ RunTime:0.004000s ]
INFO: [ app_begin ] --START--
INFO: Run Behavior\ReadHtmlCacheBehavior [ RunTime:0.002000s ]
INFO: [ app_begin ] --END-- [ RunTime:0.004001s ]
SQL: SHOW COLUMNS FROM `tb_employee` [ RunTime:0.0070s ]
SQL: SHOW COLUMNS FROM `tb_customer` [ RunTime:0.0080s ]
SQL: SELECT COUNT(*) AS tp_count FROM `tb_employee` LIMIT 1   [ RunTime:0.0010s ]
SQL: SELECT * FROM `tb_employee` WHERE `eName` LIKE '张' LIMIT 0,10   [ RunTime:0.0010s ]

[ 2017-04-25T14:53:17+08:00 ] ::1 /tp/index.php/Home/User/User/loadEmployeeList?pageNo=1&pageSize=10
INFO: [ app_init ] --START--
INFO: Run Behavior\BuildLiteBehavior [ RunTime:0.001000s ]
INFO: [ app_init ] --END-- [ RunTime:0.005000s ]
INFO: [ app_begin ] --START--
INFO: Run Behavior\ReadHtmlCacheBehavior [ RunTime:0.001000s ]
INFO: [ app_begin ] --END-- [ RunTime:0.004001s ]
SQL: SHOW COLUMNS FROM `tb_employee` [ RunTime:0.0070s ]
SQL: SHOW COLUMNS FROM `tb_customer` [ RunTime:0.0080s ]
SQL: SELECT COUNT(*) AS tp_count FROM `tb_employee` LIMIT 1   [ RunTime:0.0010s ]
SQL: SELECT * FROM `tb_employee` LIMIT 0,10   [ RunTime:0.0010s ]

[ 2017-04-25T15:11:10+08:00 ] ::1 /tp/index.php/Home/User/testTree
INFO: [ app_init ] --START--
INFO: Run Behavior\BuildLiteBehavior [ RunTime:0.000000s ]
INFO: [ app_init ] --END-- [ RunTime:0.006000s ]
INFO: [ app_begin ] --START--
INFO: Run Behavior\ReadHtmlCacheBehavior [ RunTime:0.002000s ]
INFO: [ app_begin ] --END-- [ RunTime:0.005000s ]
ERR: 无法加载控制器:User/testTree

[ 2017-04-25T15:13:32+08:00 ] ::1 /tp/index.php/Home/User/User/loadEmployeeList?pageNo=1&pageSize=10
INFO: [ app_init ] --START--
INFO: Run Behavior\BuildLiteBehavior [ RunTime:0.000000s ]
INFO: [ app_init ] --END-- [ RunTime:0.003001s ]
INFO: [ app_begin ] --START--
INFO: Run Behavior\ReadHtmlCacheBehavior [ RunTime:0.001000s ]
INFO: [ app_begin ] --END-- [ RunTime:0.003000s ]
SQL: SHOW COLUMNS FROM `tb_employee` [ RunTime:0.0040s ]
SQL: SHOW COLUMNS FROM `tb_customer` [ RunTime:0.0040s ]
SQL: SELECT COUNT(*) AS tp_count FROM `tb_employee` LIMIT 1   [ RunTime:0.0010s ]
SQL: SELECT * FROM `tb_employee` WHERE `phone` LIKE '4444' LIMIT 0,10   [ RunTime:0.0010s ]

[ 2017-04-25T15:15:25+08:00 ] ::1 /tp/index.php/Home/User/User/loadEmployeeList?pageNo=1&pageSize=10
INFO: [ app_init ] --START--
INFO: Run Behavior\BuildLiteBehavior [ RunTime:0.001000s ]
INFO: [ app_init ] --END-- [ RunTime:0.006001s ]
INFO: [ app_begin ] --START--
INFO: Run Behavior\ReadHtmlCacheBehavior [ RunTime:0.002000s ]
INFO: [ app_begin ] --END-- [ RunTime:0.004000s ]
SQL: SHOW COLUMNS FROM `tb_employee` [ RunTime:0.0050s ]
SQL: SHOW COLUMNS FROM `tb_customer` [ RunTime:0.0060s ]
SQL: SELECT COUNT(*) AS tp_count FROM `tb_employee` LIMIT 1   [ RunTime:0.0010s ]
INFO: [ app_end ] --START--
INFO: Run Behavior\ShowPageTraceBehavior [ RunTime:0.002000s ]
INFO: [ app_end ] --END-- [ RunTime:0.004001s ]

[ 2017-04-25T15:16:37+08:00 ] ::1 /tp/index.php/Home/User/User/loadEmployeeList?pageNo=1&pageSize=10
INFO: [ app_init ] --START--
INFO: Run Behavior\BuildLiteBehavior [ RunTime:0.000000s ]
INFO: [ app_init ] --END-- [ RunTime:0.004000s ]
INFO: [ app_begin ] --START--
INFO: Run Behavior\ReadHtmlCacheBehavior [ RunTime:0.003000s ]
INFO: [ app_begin ] --END-- [ RunTime:0.005000s ]
SQL: SHOW COLUMNS FROM `tb_employee` [ RunTime:0.0030s ]
SQL: SHOW COLUMNS FROM `tb_customer` [ RunTime:0.0030s ]
SQL: SELECT COUNT(*) AS tp_count FROM `tb_employee` LIMIT 1   [ RunTime:0.0010s ]
INFO: [ app_end ] --START--
INFO: Run Behavior\ShowPageTraceBehavior [ RunTime:0.002000s ]
INFO: [ app_end ] --END-- [ RunTime:0.003000s ]

[ 2017-04-25T15:16:44+08:00 ] ::1 /tp/index.php/Home/User/User/loadEmployeeList?pageNo=1&pageSize=10
INFO: [ app_init ] --START--
INFO: Run Behavior\BuildLiteBehavior [ RunTime:0.001000s ]
INFO: [ app_init ] --END-- [ RunTime:0.003000s ]
INFO: [ app_begin ] --START--
INFO: Run Behavior\ReadHtmlCacheBehavior [ RunTime:0.001000s ]
INFO: [ app_begin ] --END-- [ RunTime:0.003000s ]
SQL: SHOW COLUMNS FROM `tb_employee` [ RunTime:0.0070s ]
SQL: SHOW COLUMNS FROM `tb_customer` [ RunTime:0.0070s ]
SQL: SELECT COUNT(*) AS tp_count FROM `tb_employee` LIMIT 1   [ RunTime:0.0010s ]
INFO: [ app_end ] --START--
INFO: Run Behavior\ShowPageTraceBehavior [ RunTime:0.001000s ]
INFO: [ app_end ] --END-- [ RunTime:0.005000s ]

[ 2017-04-25T15:19:28+08:00 ] ::1 /tp/index.php/Home/User/User/loadEmployeeList?pageNo=1&pageSize=10
INFO: [ app_init ] --START--
INFO: Run Behavior\BuildLiteBehavior [ RunTime:0.000000s ]
INFO: [ app_init ] --END-- [ RunTime:0.003000s ]
INFO: [ app_begin ] --START--
INFO: Run Behavior\ReadHtmlCacheBehavior [ RunTime:0.002000s ]
INFO: [ app_begin ] --END-- [ RunTime:0.004000s ]
SQL: SHOW COLUMNS FROM `tb_employee` [ RunTime:0.0030s ]
SQL: SHOW COLUMNS FROM `tb_customer` [ RunTime:0.0040s ]
SQL: SELECT COUNT(*) AS tp_count FROM `tb_employee` LIMIT 1   [ RunTime:0.0010s ]
SQL: SELECT * FROM `tb_employee` LIMIT 0,10   [ RunTime:0.0020s ]

[ 2017-04-25T15:19:34+08:00 ] ::1 /tp/index.php/Home/User/User/loadEmployeeList?pageNo=1&pageSize=10
INFO: [ app_init ] --START--
INFO: Run Behavior\BuildLiteBehavior [ RunTime:0.001000s ]
INFO: [ app_init ] --END-- [ RunTime:0.003000s ]
INFO: [ app_begin ] --START--
INFO: Run Behavior\ReadHtmlCacheBehavior [ RunTime:0.001000s ]
INFO: [ app_begin ] --END-- [ RunTime:0.003000s ]
SQL: SHOW COLUMNS FROM `tb_employee` [ RunTime:0.0070s ]
SQL: SHOW COLUMNS FROM `tb_customer` [ RunTime:0.0040s ]
SQL: SELECT COUNT(*) AS tp_count FROM `tb_employee` LIMIT 1   [ RunTime:0.0010s ]
SQL: SELECT * FROM `tb_employee` WHERE `phone` LIKE '%4444%' LIMIT 0,10   [ RunTime:0.0010s ]

[ 2017-04-25T15:19:41+08:00 ] ::1 /tp/index.php/Home/User/User/loadEmployeeList?pageNo=1&pageSize=10
INFO: [ app_init ] --START--
INFO: Run Behavior\BuildLiteBehavior [ RunTime:0.001000s ]
INFO: [ app_init ] --END-- [ RunTime:0.003000s ]
INFO: [ app_begin ] --START--
INFO: Run Behavior\ReadHtmlCacheBehavior [ RunTime:0.001001s ]
INFO: [ app_begin ] --END-- [ RunTime:0.003001s ]
SQL: SHOW COLUMNS FROM `tb_employee` [ RunTime:0.0050s ]
SQL: SHOW COLUMNS FROM `tb_customer` [ RunTime:0.0070s ]
SQL: SELECT COUNT(*) AS tp_count FROM `tb_employee` LIMIT 1   [ RunTime:0.0010s ]
SQL: SELECT * FROM `tb_employee` LIMIT 0,10   [ RunTime:0.0000s ]

[ 2017-04-25T15:19:49+08:00 ] ::1 /tp/index.php/Home/User/User/loadEmployeeList?pageNo=1&pageSize=10
INFO: [ app_init ] --START--
INFO: Run Behavior\BuildLiteBehavior [ RunTime:0.001000s ]
INFO: [ app_init ] --END-- [ RunTime:0.003000s ]
INFO: [ app_begin ] --START--
INFO: Run Behavior\ReadHtmlCacheBehavior [ RunTime:0.001000s ]
INFO: [ app_begin ] --END-- [ RunTime:0.003001s ]
SQL: SHOW COLUMNS FROM `tb_employee` [ RunTime:0.0110s ]
SQL: SHOW COLUMNS FROM `tb_customer` [ RunTime:0.0140s ]
SQL: SELECT COUNT(*) AS tp_count FROM `tb_employee` LIMIT 1   [ RunTime:0.0010s ]
SQL: SELECT * FROM `tb_employee` WHERE `eName` LIKE '%张%' LIMIT 0,10   [ RunTime:0.0010s ]

[ 2017-04-25T15:19:54+08:00 ] ::1 /tp/index.php/Home/User/User/loadEmployeeList?pageNo=1&pageSize=10
INFO: [ app_init ] --START--
INFO: Run Behavior\BuildLiteBehavior [ RunTime:0.001000s ]
INFO: [ app_init ] --END-- [ RunTime:0.004000s ]
INFO: [ app_begin ] --START--
INFO: Run Behavior\ReadHtmlCacheBehavior [ RunTime:0.001000s ]
INFO: [ app_begin ] --END-- [ RunTime:0.003000s ]
SQL: SHOW COLUMNS FROM `tb_employee` [ RunTime:0.0070s ]
SQL: SHOW COLUMNS FROM `tb_customer` [ RunTime:0.0070s ]
SQL: SELECT COUNT(*) AS tp_count FROM `tb_employee` LIMIT 1   [ RunTime:0.0010s ]
SQL: SELECT * FROM `tb_employee` LIMIT 0,10   [ RunTime:0.0010s ]

[ 2017-04-25T15:24:24+08:00 ] ::1 /tp/index.php?c=User&a=loadJobList&pageNo=1&pageSize=10
INFO: [ app_init ] --START--
INFO: Run Behavior\BuildLiteBehavior [ RunTime:0.001000s ]
INFO: [ app_init ] --END-- [ RunTime:0.005000s ]
INFO: [ app_begin ] --START--
INFO: Run Behavior\ReadHtmlCacheBehavior [ RunTime:0.001001s ]
INFO: [ app_begin ] --END-- [ RunTime:0.004001s ]
ERR: 无法加载控制器:User

[ 2017-04-25T15:24:45+08:00 ] ::1 /tp/index.php?c=User&a=loadJobList&pageNo=1&pageSize=10
INFO: [ app_init ] --START--
INFO: Run Behavior\BuildLiteBehavior [ RunTime:0.001001s ]
INFO: [ app_init ] --END-- [ RunTime:0.004001s ]
INFO: [ app_begin ] --START--
INFO: Run Behavior\ReadHtmlCacheBehavior [ RunTime:0.001001s ]
INFO: [ app_begin ] --END-- [ RunTime:0.003001s ]
ERR: 无法加载控制器:User

[ 2017-04-25T15:29:39+08:00 ] ::1 /tp/index.php/Home/User/User/loadJobList?pageNo=1&pageSize=10
INFO: [ app_init ] --START--
INFO: Run Behavior\BuildLiteBehavior [ RunTime:0.000000s ]
INFO: [ app_init ] --END-- [ RunTime:0.005000s ]
INFO: [ app_begin ] --START--
INFO: Run Behavior\ReadHtmlCacheBehavior [ RunTime:0.002000s ]
INFO: [ app_begin ] --END-- [ RunTime:0.005000s ]
SQL: SHOW COLUMNS FROM `tb_employee` [ RunTime:0.0030s ]
SQL: SHOW COLUMNS FROM `tb_customer` [ RunTime:0.0030s ]
ERR: Think\Model:loadJobListByPage方法不存在！
NOTIC: [2] Cannot modify header information - headers already sent by (output started at D:\PHP-webapp\tp\ThinkPHP\Common\functions.php:102) D:\PHP-webapp\tp\ThinkPHP\Library\Think\Think.class.php 第 229 行.
NOTIC: [2] Cannot modify header information - headers already sent by (output started at D:\PHP-webapp\tp\ThinkPHP\Common\functions.php:102) D:\PHP-webapp\tp\ThinkPHP\Library\Think\Think.class.php 第 230 行.

[ 2017-04-25T15:33:48+08:00 ] ::1 /tp/index.php/Home/User/User/loadJobList?pageNo=1&pageSize=10
INFO: [ app_init ] --START--
INFO: Run Behavior\BuildLiteBehavior [ RunTime:0.001000s ]
INFO: [ app_init ] --END-- [ RunTime:0.003000s ]
INFO: [ app_begin ] --START--
INFO: Run Behavior\ReadHtmlCacheBehavior [ RunTime:0.002000s ]
INFO: [ app_begin ] --END-- [ RunTime:0.004000s ]
SQL: SHOW COLUMNS FROM `tb_employee` [ RunTime:0.0030s ]
SQL: SHOW COLUMNS FROM `tb_customer` [ RunTime:0.0030s ]
SQL: SHOW COLUMNS FROM `tb_job` [ RunTime:0.0020s ]
SQL: SELECT COUNT(*) AS tp_count FROM `tb_job` LIMIT 1   [ RunTime:0.0010s ]
SQL: SHOW COLUMNS FROM `tb_job` [ RunTime:0.0030s ]
SQL: SELECT * FROM `tb_job` LIMIT 0,10   [ RunTime:0.0020s ]

[ 2017-04-25T15:34:42+08:00 ] ::1 /tp/index.php/Home/User/User/loadJobList?pageNo=1&pageSize=20
INFO: [ app_init ] --START--
INFO: Run Behavior\BuildLiteBehavior [ RunTime:0.001000s ]
INFO: [ app_init ] --END-- [ RunTime:0.004000s ]
INFO: [ app_begin ] --START--
INFO: Run Behavior\ReadHtmlCacheBehavior [ RunTime:0.001000s ]
INFO: [ app_begin ] --END-- [ RunTime:0.003000s ]
SQL: SHOW COLUMNS FROM `tb_employee` [ RunTime:0.0110s ]
SQL: SHOW COLUMNS FROM `tb_customer` [ RunTime:0.0080s ]
SQL: SHOW COLUMNS FROM `tb_job` [ RunTime:0.0050s ]
SQL: SELECT COUNT(*) AS tp_count FROM `tb_job` LIMIT 1   [ RunTime:0.0010s ]
SQL: SHOW COLUMNS FROM `tb_job` [ RunTime:0.0040s ]
SQL: SELECT * FROM `tb_job` LIMIT 0,20   [ RunTime:0.0010s ]

[ 2017-04-25T15:34:46+08:00 ] ::1 /tp/index.php/Home/User/User/loadJobList?pageNo=1&pageSize=10
INFO: [ app_init ] --START--
INFO: Run Behavior\BuildLiteBehavior [ RunTime:0.000000s ]
INFO: [ app_init ] --END-- [ RunTime:0.005001s ]
INFO: [ app_begin ] --START--
INFO: Run Behavior\ReadHtmlCacheBehavior [ RunTime:0.001000s ]
INFO: [ app_begin ] --END-- [ RunTime:0.004000s ]
SQL: SHOW COLUMNS FROM `tb_employee` [ RunTime:0.0060s ]
SQL: SHOW COLUMNS FROM `tb_customer` [ RunTime:0.0070s ]
SQL: SHOW COLUMNS FROM `tb_job` [ RunTime:0.0030s ]
SQL: SELECT COUNT(*) AS tp_count FROM `tb_job` LIMIT 1   [ RunTime:0.0010s ]
SQL: SHOW COLUMNS FROM `tb_job` [ RunTime:0.0030s ]
SQL: SELECT * FROM `tb_job` LIMIT 0,10   [ RunTime:0.0010s ]

[ 2017-04-25T15:41:29+08:00 ] ::1 /tp/index.php/Home/User/User/loadSchedule?pageNo=1&pageSize=10
INFO: [ app_init ] --START--
INFO: Run Behavior\BuildLiteBehavior [ RunTime:0.001000s ]
INFO: [ app_init ] --END-- [ RunTime:0.006000s ]
INFO: [ app_begin ] --START--
INFO: Run Behavior\ReadHtmlCacheBehavior [ RunTime:0.001000s ]
INFO: [ app_begin ] --END-- [ RunTime:0.003001s ]
SQL: SHOW COLUMNS FROM `tb_employee` [ RunTime:0.0020s ]
SQL: SHOW COLUMNS FROM `tb_customer` [ RunTime:0.0030s ]
SQL: SHOW COLUMNS FROM `tb_schedule` [ RunTime:0.0030s ]
SQL: SELECT COUNT(*) AS tp_count FROM `tb_schedule` LIMIT 1   [ RunTime:0.0010s ]
SQL: SHOW COLUMNS FROM `tb_schedule` [ RunTime:0.0020s ]
SQL: SELECT * FROM `tb_schedule` LIMIT 0,10   [ RunTime:0.0010s ]

[ 2017-04-25T15:42:49+08:00 ] ::1 /tp/index.php/Home/User/User/loadSchedule?pageNo=1&pageSize=10
INFO: [ app_init ] --START--
INFO: Run Behavior\BuildLiteBehavior [ RunTime:0.000000s ]
INFO: [ app_init ] --END-- [ RunTime:0.003000s ]
INFO: [ app_begin ] --START--
INFO: Run Behavior\ReadHtmlCacheBehavior [ RunTime:0.001000s ]
INFO: [ app_begin ] --END-- [ RunTime:0.003000s ]
SQL: SHOW COLUMNS FROM `tb_employee` [ RunTime:0.0030s ]
SQL: SHOW COLUMNS FROM `tb_customer` [ RunTime:0.0030s ]
SQL: SHOW COLUMNS FROM `tb_schedule` [ RunTime:0.0030s ]
SQL: SELECT COUNT(*) AS tp_count FROM `tb_schedule` LIMIT 1   [ RunTime:0.0010s ]
SQL: SHOW COLUMNS FROM `tb_schedule` [ RunTime:0.0030s ]
SQL: SELECT * FROM `tb_schedule` LIMIT 0,10   [ RunTime:0.0010s ]

[ 2017-04-25T15:42:55+08:00 ] ::1 /tp/index.php/Home/User/User/loadSchedule?pageNo=1&pageSize=20
INFO: [ app_init ] --START--
INFO: Run Behavior\BuildLiteBehavior [ RunTime:0.002000s ]
INFO: [ app_init ] --END-- [ RunTime:0.008001s ]
INFO: [ app_begin ] --START--
INFO: Run Behavior\ReadHtmlCacheBehavior [ RunTime:0.001000s ]
INFO: [ app_begin ] --END-- [ RunTime:0.003000s ]
SQL: SHOW COLUMNS FROM `tb_employee` [ RunTime:0.0050s ]
SQL: SHOW COLUMNS FROM `tb_customer` [ RunTime:0.0050s ]
SQL: SHOW COLUMNS FROM `tb_schedule` [ RunTime:0.0020s ]
SQL: SELECT COUNT(*) AS tp_count FROM `tb_schedule` LIMIT 1   [ RunTime:0.0000s ]
SQL: SHOW COLUMNS FROM `tb_schedule` [ RunTime:0.0040s ]
SQL: SELECT * FROM `tb_schedule` LIMIT 0,20   [ RunTime:0.0010s ]

[ 2017-04-25T15:42:58+08:00 ] ::1 /tp/index.php/Home/User/User/loadSchedule?pageNo=1&pageSize=10
INFO: [ app_init ] --START--
INFO: Run Behavior\BuildLiteBehavior [ RunTime:0.001000s ]
INFO: [ app_init ] --END-- [ RunTime:0.008000s ]
INFO: [ app_begin ] --START--
INFO: Run Behavior\ReadHtmlCacheBehavior [ RunTime:0.002001s ]
INFO: [ app_begin ] --END-- [ RunTime:0.004001s ]
SQL: SHOW COLUMNS FROM `tb_employee` [ RunTime:0.0070s ]
SQL: SHOW COLUMNS FROM `tb_customer` [ RunTime:0.0070s ]
SQL: SHOW COLUMNS FROM `tb_schedule` [ RunTime:0.0030s ]
SQL: SELECT COUNT(*) AS tp_count FROM `tb_schedule` LIMIT 1   [ RunTime:0.0000s ]
SQL: SHOW COLUMNS FROM `tb_schedule` [ RunTime:0.0030s ]
SQL: SELECT * FROM `tb_schedule` LIMIT 0,10   [ RunTime:0.0010s ]

[ 2017-04-25T15:50:02+08:00 ] ::1 /tp/index.php/Home/User/User/loadHouseList?pageNo=1&pageSize=10
INFO: [ app_init ] --START--
INFO: Run Behavior\BuildLiteBehavior [ RunTime:0.000000s ]
INFO: [ app_init ] --END-- [ RunTime:0.003001s ]
INFO: [ app_begin ] --START--
INFO: Run Behavior\ReadHtmlCacheBehavior [ RunTime:0.001000s ]
INFO: [ app_begin ] --END-- [ RunTime:0.003000s ]
SQL: SHOW COLUMNS FROM `tb_employee` [ RunTime:0.0030s ]
SQL: SHOW COLUMNS FROM `tb_customer` [ RunTime:0.0040s ]
SQL: SHOW COLUMNS FROM `tb_house` [ RunTime:0.0030s ]
SQL: SELECT COUNT(*) AS tp_count FROM `tb_house` LIMIT 1   [ RunTime:0.0010s ]
SQL: SHOW COLUMNS FROM `tb_house` [ RunTime:0.0040s ]
SQL: SELECT * FROM `tb_house` LIMIT 0,10   [ RunTime:0.0010s ]

[ 2017-04-25T15:55:49+08:00 ] ::1 /tp/index.php/Home/User/User/loadAllEmployJob
INFO: [ app_init ] --START--
INFO: Run Behavior\BuildLiteBehavior [ RunTime:0.001000s ]
INFO: [ app_init ] --END-- [ RunTime:0.006000s ]
INFO: [ app_begin ] --START--
INFO: Run Behavior\ReadHtmlCacheBehavior [ RunTime:0.002001s ]
INFO: [ app_begin ] --END-- [ RunTime:0.006001s ]
SQL: SHOW COLUMNS FROM `tb_employee` [ RunTime:0.0020s ]
SQL: SHOW COLUMNS FROM `tb_customer` [ RunTime:0.0050s ]

[ 2017-04-25T15:55:51+08:00 ] ::1 /tp/index.php/Home/User/User/customerList
INFO: [ app_init ] --START--
INFO: Run Behavior\BuildLiteBehavior [ RunTime:0.001000s ]
INFO: [ app_init ] --END-- [ RunTime:0.006001s ]
INFO: [ app_begin ] --START--
INFO: Run Behavior\ReadHtmlCacheBehavior [ RunTime:0.003000s ]
INFO: [ app_begin ] --END-- [ RunTime:0.007000s ]
SQL: SHOW COLUMNS FROM `tb_employee` [ RunTime:0.0020s ]
SQL: SHOW COLUMNS FROM `tb_customer` [ RunTime:0.0050s ]

[ 2017-04-25T15:55:52+08:00 ] ::1 /tp/index.php/Home/User/User/loadComplainList?pageNo=1&pageSize=10
INFO: [ app_init ] --START--
INFO: Run Behavior\BuildLiteBehavior [ RunTime:0.001000s ]
INFO: [ app_init ] --END-- [ RunTime:0.006000s ]
INFO: [ app_begin ] --START--
INFO: Run Behavior\ReadHtmlCacheBehavior [ RunTime:0.003000s ]
INFO: [ app_begin ] --END-- [ RunTime:0.005001s ]
SQL: SHOW COLUMNS FROM `tb_employee` [ RunTime:0.0220s ]
SQL: SHOW COLUMNS FROM `tb_customer` [ RunTime:0.0070s ]
ERR: Think\Model:loadComplainList方法不存在！
NOTIC: [2] Cannot modify header information - headers already sent by (output started at D:\PHP-webapp\tp\ThinkPHP\Common\functions.php:102) D:\PHP-webapp\tp\ThinkPHP\Library\Think\Think.class.php 第 229 行.
NOTIC: [2] Cannot modify header information - headers already sent by (output started at D:\PHP-webapp\tp\ThinkPHP\Common\functions.php:102) D:\PHP-webapp\tp\ThinkPHP\Library\Think\Think.class.php 第 230 行.

[ 2017-04-25T16:01:39+08:00 ] ::1 /tp/index.php/Home/User/User/customerList
INFO: [ app_init ] --START--
INFO: Run Behavior\BuildLiteBehavior [ RunTime:0.000000s ]
INFO: [ app_init ] --END-- [ RunTime:0.004000s ]
INFO: [ app_begin ] --START--
INFO: Run Behavior\ReadHtmlCacheBehavior [ RunTime:0.003000s ]
INFO: [ app_begin ] --END-- [ RunTime:0.007000s ]
SQL: SHOW COLUMNS FROM `tb_employee` [ RunTime:0.0080s ]
SQL: SHOW COLUMNS FROM `tb_customer` [ RunTime:0.0050s ]

[ 2017-04-25T16:01:40+08:00 ] ::1 /tp/index.php/Home/User/User/loadAllEmployJob
INFO: [ app_init ] --START--
INFO: Run Behavior\BuildLiteBehavior [ RunTime:0.000000s ]
INFO: [ app_init ] --END-- [ RunTime:0.007000s ]
INFO: [ app_begin ] --START--
INFO: Run Behavior\ReadHtmlCacheBehavior [ RunTime:0.003001s ]
INFO: [ app_begin ] --END-- [ RunTime:0.006001s ]
SQL: SHOW COLUMNS FROM `tb_employee` [ RunTime:0.0030s ]
SQL: SHOW COLUMNS FROM `tb_customer` [ RunTime:0.0040s ]

[ 2017-04-25T16:01:42+08:00 ] ::1 /tp/index.php/Home/User/User/loadComplainList?pageNo=1&pageSize=10
INFO: [ app_init ] --START--
INFO: Run Behavior\BuildLiteBehavior [ RunTime:0.001000s ]
INFO: [ app_init ] --END-- [ RunTime:0.006001s ]
INFO: [ app_begin ] --START--
INFO: Run Behavior\ReadHtmlCacheBehavior [ RunTime:0.002000s ]
INFO: [ app_begin ] --END-- [ RunTime:0.006001s ]
SQL: SHOW COLUMNS FROM `tb_employee` [ RunTime:0.0070s ]
SQL: SHOW COLUMNS FROM `tb_customer` [ RunTime:0.0080s ]
SQL: SHOW COLUMNS FROM `tb_complain` [ RunTime:0.0060s ]
SQL: SELECT COUNT(*) AS tp_count FROM `tb_complain` LIMIT 1   [ RunTime:0.0020s ]
SQL: SHOW COLUMNS FROM `tb_complain` [ RunTime:0.0030s ]
SQL: SELECT c1.comId,c1.comTheme,c1.comSort,c2.cName,c1.comDate,c1.comLevel,e1.eName,c1.comDealProcess,c1.comDealResult,c1.comCostTime,c1.comBack,c1.comSure,c1.comMore FROM tb_complain c1,tb_customer c2,tb_employee e1 WHERE ( c2.cId = c1.cId and e1.eId = c1.eId ) LIMIT 0,10   [ RunTime:0.0000s ]

[ 2017-04-25T16:06:48+08:00 ] ::1 /tp/index.php/Home/User/User/loadAllEmployJob
INFO: [ app_init ] --START--
INFO: Run Behavior\BuildLiteBehavior [ RunTime:0.001000s ]
INFO: [ app_init ] --END-- [ RunTime:0.009000s ]
INFO: [ app_begin ] --START--
INFO: Run Behavior\ReadHtmlCacheBehavior [ RunTime:0.003001s ]
INFO: [ app_begin ] --END-- [ RunTime:0.006001s ]
SQL: SHOW COLUMNS FROM `tb_employee` [ RunTime:0.0020s ]
SQL: SHOW COLUMNS FROM `tb_customer` [ RunTime:0.0030s ]

[ 2017-04-25T16:06:49+08:00 ] ::1 /tp/index.php/Home/User/User/customerList
INFO: [ app_init ] --START--
INFO: Run Behavior\BuildLiteBehavior [ RunTime:0.001000s ]
INFO: [ app_init ] --END-- [ RunTime:0.009000s ]
INFO: [ app_begin ] --START--
INFO: Run Behavior\ReadHtmlCacheBehavior [ RunTime:0.002000s ]
INFO: [ app_begin ] --END-- [ RunTime:0.006001s ]
SQL: SHOW COLUMNS FROM `tb_employee` [ RunTime:0.0020s ]
SQL: SHOW COLUMNS FROM `tb_customer` [ RunTime:0.0040s ]

[ 2017-04-25T16:06:50+08:00 ] ::1 /tp/index.php/Home/User/User/loadComplainList?pageNo=1&pageSize=10
INFO: [ app_init ] --START--
INFO: Run Behavior\BuildLiteBehavior [ RunTime:0.001000s ]
INFO: [ app_init ] --END-- [ RunTime:0.007000s ]
INFO: [ app_begin ] --START--
INFO: Run Behavior\ReadHtmlCacheBehavior [ RunTime:0.002000s ]
INFO: [ app_begin ] --END-- [ RunTime:0.004000s ]
SQL: SHOW COLUMNS FROM `tb_employee` [ RunTime:0.0060s ]
SQL: SHOW COLUMNS FROM `tb_customer` [ RunTime:0.0040s ]
SQL: SHOW COLUMNS FROM `tb_complain` [ RunTime:0.0030s ]
SQL: SELECT COUNT(*) AS tp_count FROM `tb_complain` LIMIT 1   [ RunTime:0.0000s ]
SQL: SHOW COLUMNS FROM `tb_complain` [ RunTime:0.0030s ]
SQL: SELECT c1.comId,c1.comTheme,c1.comSort,c2.cName,c1.comDate,c1.comLevel,e1.eName,c1.comDealProcess,c1.comDealResult,c1.comCostTime,c1.comBack,c1.comSure,c1.comMore FROM tb_complain c1,tb_customer c2,tb_employee e1 WHERE ( c2.cId = c1.cId and e1.eId = c1.eId ) LIMIT 0,10   [ RunTime:0.0020s ]

[ 2017-04-25T16:25:11+08:00 ] ::1 /tp/index.php/Home/User/User/loadAllEmployJob
INFO: [ app_init ] --START--
INFO: Run Behavior\BuildLiteBehavior [ RunTime:0.001000s ]
INFO: [ app_init ] --END-- [ RunTime:0.003000s ]
INFO: [ app_begin ] --START--
INFO: Run Behavior\ReadHtmlCacheBehavior [ RunTime:0.007001s ]
INFO: [ app_begin ] --END-- [ RunTime:0.010001s ]
SQL: SHOW COLUMNS FROM `tb_employee` [ RunTime:0.0040s ]
SQL: SHOW COLUMNS FROM `tb_customer` [ RunTime:0.0030s ]

[ 2017-04-25T16:25:12+08:00 ] ::1 /tp/index.php/Home/User/User/loadComplainList?pageNo=1&pageSize=10&comDealResult=%E5%A4%84%E7%90%86%E5%AE%8C%E6%88%90
INFO: [ app_init ] --START--
INFO: Run Behavior\BuildLiteBehavior [ RunTime:0.001000s ]
INFO: [ app_init ] --END-- [ RunTime:0.006000s ]
INFO: [ app_begin ] --START--
INFO: Run Behavior\ReadHtmlCacheBehavior [ RunTime:0.001000s ]
INFO: [ app_begin ] --END-- [ RunTime:0.004000s ]
SQL: SHOW COLUMNS FROM `tb_employee` [ RunTime:0.0050s ]
SQL: SHOW COLUMNS FROM `tb_customer` [ RunTime:0.0030s ]
SQL: SHOW COLUMNS FROM `tb_complain` [ RunTime:0.0050s ]
SQL: SELECT COUNT(*) AS tp_count FROM `tb_complain` LIMIT 1   [ RunTime:0.0010s ]
NOTIC: [8] Array to string conversion D:\PHP-webapp\tp\Application\Home\Controller\User\UserController.class.php 第 219 行.
SQL: SHOW COLUMNS FROM `tb_complain` [ RunTime:0.0040s ]
ERR: 1054:Unknown column 'Array' in 'where clause'
 [ SQL语句 ] : SELECT c1.comId,c1.comTheme,c1.comSort,c2.cName,c1.comDate,c1.comLevel,e1.eName,c1.comDealProcess,c1.comDealResult,c1.comCostTime,c1.comBack,c1.comSure,c1.comMore FROM tb_complain c1,tb_customer c2,tb_employee e1 WHERE ( c2.cId = c1.cId and e1.eId = c1.eId and Array ) LIMIT 0,10  
ERR: 1054:Unknown column 'Array' in 'where clause'
 [ SQL语句 ] : SELECT c1.comId,c1.comTheme,c1.comSort,c2.cName,c1.comDate,c1.comLevel,e1.eName,c1.comDealProcess,c1.comDealResult,c1.comCostTime,c1.comBack,c1.comSure,c1.comMore FROM tb_complain c1,tb_customer c2,tb_employee e1 WHERE ( c2.cId = c1.cId and e1.eId = c1.eId and Array ) LIMIT 0,10  
NOTIC: [2] Cannot modify header information - headers already sent by (output started at D:\PHP-webapp\tp\ThinkPHP\Library\Think\Db\Driver.class.php:170) D:\PHP-webapp\tp\ThinkPHP\Library\Think\Think.class.php 第 229 行.
NOTIC: [2] Cannot modify header information - headers already sent by (output started at D:\PHP-webapp\tp\ThinkPHP\Library\Think\Db\Driver.class.php:170) D:\PHP-webapp\tp\ThinkPHP\Library\Think\Think.class.php 第 230 行.

[ 2017-04-25T16:25:14+08:00 ] ::1 /tp/index.php/Home/User/User/customerList
INFO: [ app_init ] --START--
INFO: Run Behavior\BuildLiteBehavior [ RunTime:0.001000s ]
INFO: [ app_init ] --END-- [ RunTime:0.008001s ]
INFO: [ app_begin ] --START--
INFO: Run Behavior\ReadHtmlCacheBehavior [ RunTime:0.002000s ]
INFO: [ app_begin ] --END-- [ RunTime:0.005000s ]
SQL: SHOW COLUMNS FROM `tb_employee` [ RunTime:0.0050s ]
SQL: SHOW COLUMNS FROM `tb_customer` [ RunTime:0.0030s ]

[ 2017-04-25T16:28:38+08:00 ] ::1 /tp/index.php/Home/User/User/loadAllEmployJob
INFO: [ app_init ] --START--
INFO: Run Behavior\BuildLiteBehavior [ RunTime:0.001000s ]
INFO: [ app_init ] --END-- [ RunTime:0.006000s ]
INFO: [ app_begin ] --START--
INFO: Run Behavior\ReadHtmlCacheBehavior [ RunTime:0.002001s ]
INFO: [ app_begin ] --END-- [ RunTime:0.006001s ]
SQL: SHOW COLUMNS FROM `tb_employee` [ RunTime:0.0060s ]
SQL: SHOW COLUMNS FROM `tb_customer` [ RunTime:0.0040s ]

[ 2017-04-25T16:28:39+08:00 ] ::1 /tp/index.php/Home/User/User/loadComplainList?pageNo=1&pageSize=10&comDealResult=%E5%A4%84%E7%90%86%E5%AE%8C%E6%88%90
INFO: [ app_init ] --START--
INFO: Run Behavior\BuildLiteBehavior [ RunTime:0.002000s ]
INFO: [ app_init ] --END-- [ RunTime:0.009000s ]
INFO: [ app_begin ] --START--
INFO: Run Behavior\ReadHtmlCacheBehavior [ RunTime:0.002000s ]
INFO: [ app_begin ] --END-- [ RunTime:0.006000s ]
SQL: SHOW COLUMNS FROM `tb_employee` [ RunTime:0.0030s ]
SQL: SHOW COLUMNS FROM `tb_customer` [ RunTime:0.0030s ]
SQL: SHOW COLUMNS FROM `tb_complain` [ RunTime:0.0040s ]
SQL: SELECT COUNT(*) AS tp_count FROM `tb_complain` LIMIT 1   [ RunTime:0.0010s ]
SQL: SHOW COLUMNS FROM `tb_complain` [ RunTime:0.0030s ]
NOTIC: [8] Undefined offset: 0 D:\PHP-webapp\tp\ThinkPHP\Library\Think\Db\Driver.class.php 第 550 行.
NOTIC: [8] Undefined offset: 0 D:\PHP-webapp\tp\ThinkPHP\Library\Think\Db\Driver.class.php 第 596 行.
NOTIC: [8] Undefined offset: 0 D:\PHP-webapp\tp\ThinkPHP\Library\Think\Db\Driver.class.php 第 596 行.
NOTIC: [8] Undefined offset: 0 D:\PHP-webapp\tp\ThinkPHP\Library\Think\Db\Driver.class.php 第 597 行.
NOTIC: [8] Undefined offset: 0 D:\PHP-webapp\tp\ThinkPHP\Library\Think\Db\Driver.class.php 第 600 行.
SQL: SELECT c1.comId,c1.comTheme,c1.comSort,c2.cName,c1.comDate,c1.comLevel,e1.eName,c1.comDealProcess,c1.comDealResult,c1.comCostTime,c1.comBack,c1.comSure,c1.comMore FROM tb_complain c1,tb_customer c2,tb_employee e1 WHERE c2.cId = 'c1.cId' AND ( e1.eId = null  ) AND `comDealResult` = '处理完成' LIMIT 0,10   [ RunTime:0.0010s ]

[ 2017-04-25T16:28:40+08:00 ] ::1 /tp/index.php/Home/User/User/customerList
INFO: [ app_init ] --START--
INFO: Run Behavior\BuildLiteBehavior [ RunTime:0.000000s ]
INFO: [ app_init ] --END-- [ RunTime:0.006000s ]
INFO: [ app_begin ] --START--
INFO: Run Behavior\ReadHtmlCacheBehavior [ RunTime:0.002000s ]
INFO: [ app_begin ] --END-- [ RunTime:0.005000s ]
SQL: SHOW COLUMNS FROM `tb_employee` [ RunTime:0.0050s ]
SQL: SHOW COLUMNS FROM `tb_customer` [ RunTime:0.0030s ]

[ 2017-04-25T16:29:27+08:00 ] ::1 /tp/index.php/Home/User/User/loadAllEmployJob
INFO: [ app_init ] --START--
INFO: Run Behavior\BuildLiteBehavior [ RunTime:0.001000s ]
INFO: [ app_init ] --END-- [ RunTime:0.006000s ]
INFO: [ app_begin ] --START--
INFO: Run Behavior\ReadHtmlCacheBehavior [ RunTime:0.002000s ]
INFO: [ app_begin ] --END-- [ RunTime:0.005000s ]
SQL: SHOW COLUMNS FROM `tb_employee` [ RunTime:0.0030s ]
SQL: SHOW COLUMNS FROM `tb_customer` [ RunTime:0.0060s ]

[ 2017-04-25T16:29:28+08:00 ] ::1 /tp/index.php/Home/User/User/customerList
INFO: [ app_init ] --START--
INFO: Run Behavior\BuildLiteBehavior [ RunTime:0.001000s ]
INFO: [ app_init ] --END-- [ RunTime:0.009001s ]
INFO: [ app_begin ] --START--
INFO: Run Behavior\ReadHtmlCacheBehavior [ RunTime:0.002000s ]
INFO: [ app_begin ] --END-- [ RunTime:0.005000s ]
SQL: SHOW COLUMNS FROM `tb_employee` [ RunTime:0.0020s ]
SQL: SHOW COLUMNS FROM `tb_customer` [ RunTime:0.0020s ]

[ 2017-04-25T16:29:29+08:00 ] ::1 /tp/index.php/Home/User/User/loadComplainList?pageNo=1&pageSize=10&comDealResult=%E5%A4%84%E7%90%86%E5%AE%8C%E6%88%90
INFO: [ app_init ] --START--
INFO: Run Behavior\BuildLiteBehavior [ RunTime:0.000000s ]
INFO: [ app_init ] --END-- [ RunTime:0.008000s ]
INFO: [ app_begin ] --START--
INFO: Run Behavior\ReadHtmlCacheBehavior [ RunTime:0.003000s ]
INFO: [ app_begin ] --END-- [ RunTime:0.005000s ]
SQL: SHOW COLUMNS FROM `tb_employee` [ RunTime:0.0030s ]
SQL: SHOW COLUMNS FROM `tb_customer` [ RunTime:0.0030s ]
SQL: SHOW COLUMNS FROM `tb_complain` [ RunTime:0.0030s ]
SQL: SELECT COUNT(*) AS tp_count FROM `tb_complain` LIMIT 1   [ RunTime:0.0010s ]
SQL: SHOW COLUMNS FROM `tb_complain` [ RunTime:0.0040s ]
NOTIC: [8] Undefined offset: 0 D:\PHP-webapp\tp\ThinkPHP\Library\Think\Db\Driver.class.php 第 550 行.
NOTIC: [8] Undefined offset: 0 D:\PHP-webapp\tp\ThinkPHP\Library\Think\Db\Driver.class.php 第 596 行.
NOTIC: [8] Undefined offset: 0 D:\PHP-webapp\tp\ThinkPHP\Library\Think\Db\Driver.class.php 第 596 行.
NOTIC: [8] Undefined offset: 0 D:\PHP-webapp\tp\ThinkPHP\Library\Think\Db\Driver.class.php 第 597 行.
NOTIC: [8] Undefined offset: 0 D:\PHP-webapp\tp\ThinkPHP\Library\Think\Db\Driver.class.php 第 600 行.
INFO: [ app_end ] --START--
INFO: Run Behavior\ShowPageTraceBehavior [ RunTime:0.002000s ]
INFO: [ app_end ] --END-- [ RunTime:0.005000s ]

[ 2017-04-25T16:30:10+08:00 ] ::1 /tp/index.php/Home/User/User/customerList
INFO: [ app_init ] --START--
INFO: Run Behavior\BuildLiteBehavior [ RunTime:0.001000s ]
INFO: [ app_init ] --END-- [ RunTime:0.003000s ]
INFO: [ app_begin ] --START--
INFO: Run Behavior\ReadHtmlCacheBehavior [ RunTime:0.004001s ]
INFO: [ app_begin ] --END-- [ RunTime:0.011001s ]
SQL: SHOW COLUMNS FROM `tb_employee` [ RunTime:0.0020s ]
SQL: SHOW COLUMNS FROM `tb_customer` [ RunTime:0.0070s ]

[ 2017-04-25T16:30:11+08:00 ] ::1 /tp/index.php/Home/User/User/loadAllEmployJob
INFO: [ app_init ] --START--
INFO: Run Behavior\BuildLiteBehavior [ RunTime:0.000000s ]
INFO: [ app_init ] --END-- [ RunTime:0.006000s ]
INFO: [ app_begin ] --START--
INFO: Run Behavior\ReadHtmlCacheBehavior [ RunTime:0.002000s ]
INFO: [ app_begin ] --END-- [ RunTime:0.006000s ]
SQL: SHOW COLUMNS FROM `tb_employee` [ RunTime:0.0020s ]
SQL: SHOW COLUMNS FROM `tb_customer` [ RunTime:0.0030s ]

[ 2017-04-25T16:30:12+08:00 ] ::1 /tp/index.php/Home/User/User/loadComplainList?pageNo=1&pageSize=10&comDealResult=%E5%A4%84%E7%90%86%E5%AE%8C%E6%88%90
INFO: [ app_init ] --START--
INFO: Run Behavior\BuildLiteBehavior [ RunTime:0.000000s ]
INFO: [ app_init ] --END-- [ RunTime:0.007000s ]
INFO: [ app_begin ] --START--
INFO: Run Behavior\ReadHtmlCacheBehavior [ RunTime:0.002000s ]
INFO: [ app_begin ] --END-- [ RunTime:0.005000s ]
SQL: SHOW COLUMNS FROM `tb_employee` [ RunTime:0.0050s ]
SQL: SHOW COLUMNS FROM `tb_customer` [ RunTime:0.0060s ]
SQL: SHOW COLUMNS FROM `tb_complain` [ RunTime:0.0020s ]
SQL: SELECT COUNT(*) AS tp_count FROM `tb_complain` LIMIT 1   [ RunTime:0.0000s ]
SQL: SHOW COLUMNS FROM `tb_complain` [ RunTime:0.0050s ]
INFO: [ app_end ] --START--
INFO: Run Behavior\ShowPageTraceBehavior [ RunTime:0.002000s ]
INFO: [ app_end ] --END-- [ RunTime:0.004000s ]

[ 2017-04-25T16:30:51+08:00 ] ::1 /tp/index.php/Home/User/User/loadComplainList?pageNo=1&pageSize=10&comDealResult=%E5%A4%84%E7%90%86%E5%AE%8C%E6%88%90
INFO: [ app_init ] --START--
INFO: Run Behavior\BuildLiteBehavior [ RunTime:0.001000s ]
INFO: [ app_init ] --END-- [ RunTime:0.006000s ]
INFO: [ app_begin ] --START--
INFO: Run Behavior\ReadHtmlCacheBehavior [ RunTime:0.002000s ]
INFO: [ app_begin ] --END-- [ RunTime:0.004000s ]
SQL: SHOW COLUMNS FROM `tb_employee` [ RunTime:0.0020s ]
SQL: SHOW COLUMNS FROM `tb_customer` [ RunTime:0.0050s ]
SQL: SHOW COLUMNS FROM `tb_complain` [ RunTime:0.0060s ]
SQL: SELECT COUNT(*) AS tp_count FROM `tb_complain` LIMIT 1   [ RunTime:0.0020s ]
SQL: SHOW COLUMNS FROM `tb_complain` [ RunTime:0.0050s ]
SQL: SELECT c1.comId,c1.comTheme,c1.comSort,c2.cName,c1.comDate,c1.comLevel,e1.eName,c1.comDealProcess,c1.comDealResult,c1.comCostTime,c1.comBack,c1.comSure,c1.comMore FROM tb_complain c1,tb_customer c2,tb_employee e1 WHERE c2.cId = 'c1.cId' AND e1.eId = 'c1.eId' AND `comDealResult` = '处理完成' LIMIT 0,10   [ RunTime:0.0010s ]

[ 2017-04-25T16:30:52+08:00 ] ::1 /tp/index.php/Home/User/User/loadAllEmployJob
INFO: [ app_init ] --START--
INFO: Run Behavior\BuildLiteBehavior [ RunTime:0.001000s ]
INFO: [ app_init ] --END-- [ RunTime:0.006000s ]
INFO: [ app_begin ] --START--
INFO: Run Behavior\ReadHtmlCacheBehavior [ RunTime:0.003000s ]
INFO: [ app_begin ] --END-- [ RunTime:0.009001s ]
SQL: SHOW COLUMNS FROM `tb_employee` [ RunTime:0.0030s ]
SQL: SHOW COLUMNS FROM `tb_customer` [ RunTime:0.0040s ]

[ 2017-04-25T16:30:53+08:00 ] ::1 /tp/index.php/Home/User/User/customerList
INFO: [ app_init ] --START--
INFO: Run Behavior\BuildLiteBehavior [ RunTime:0.001000s ]
INFO: [ app_init ] --END-- [ RunTime:0.007000s ]
INFO: [ app_begin ] --START--
INFO: Run Behavior\ReadHtmlCacheBehavior [ RunTime:0.004001s ]
INFO: [ app_begin ] --END-- [ RunTime:0.008001s ]
SQL: SHOW COLUMNS FROM `tb_employee` [ RunTime:0.0030s ]
SQL: SHOW COLUMNS FROM `tb_customer` [ RunTime:0.0060s ]

[ 2017-04-25T16:32:34+08:00 ] ::1 /tp/index.php/Home/User/User/loadAllEmployJob
INFO: [ app_init ] --START--
INFO: Run Behavior\BuildLiteBehavior [ RunTime:0.000000s ]
INFO: [ app_init ] --END-- [ RunTime:0.006000s ]
INFO: [ app_begin ] --START--
INFO: Run Behavior\ReadHtmlCacheBehavior [ RunTime:0.002001s ]
INFO: [ app_begin ] --END-- [ RunTime:0.006001s ]
SQL: SHOW COLUMNS FROM `tb_employee` [ RunTime:0.0030s ]
SQL: SHOW COLUMNS FROM `tb_customer` [ RunTime:0.0030s ]

[ 2017-04-25T16:32:36+08:00 ] ::1 /tp/index.php/Home/User/User/loadComplainList?pageNo=1&pageSize=10&comDealResult=%E5%A4%84%E7%90%86%E5%AE%8C%E6%88%90
INFO: [ app_init ] --START--
INFO: Run Behavior\BuildLiteBehavior [ RunTime:0.001000s ]
INFO: [ app_init ] --END-- [ RunTime:0.007000s ]
INFO: [ app_begin ] --START--
INFO: Run Behavior\ReadHtmlCacheBehavior [ RunTime:0.002000s ]
INFO: [ app_begin ] --END-- [ RunTime:0.004000s ]
SQL: SHOW COLUMNS FROM `tb_employee` [ RunTime:0.0040s ]
SQL: SHOW COLUMNS FROM `tb_customer` [ RunTime:0.0060s ]
SQL: SHOW COLUMNS FROM `tb_complain` [ RunTime:0.0040s ]
SQL: SELECT COUNT(*) AS tp_count FROM `tb_complain` LIMIT 1   [ RunTime:0.0000s ]
SQL: SHOW COLUMNS FROM `tb_complain` [ RunTime:0.0040s ]
INFO: [ app_end ] --START--
INFO: Run Behavior\ShowPageTraceBehavior [ RunTime:0.002000s ]
INFO: [ app_end ] --END-- [ RunTime:0.004000s ]

[ 2017-04-25T16:32:37+08:00 ] ::1 /tp/index.php/Home/User/User/customerList
INFO: [ app_init ] --START--
INFO: Run Behavior\BuildLiteBehavior [ RunTime:0.001000s ]
INFO: [ app_init ] --END-- [ RunTime:0.006000s ]
INFO: [ app_begin ] --START--
INFO: Run Behavior\ReadHtmlCacheBehavior [ RunTime:0.001000s ]
INFO: [ app_begin ] --END-- [ RunTime:0.006000s ]
SQL: SHOW COLUMNS FROM `tb_employee` [ RunTime:0.0020s ]
SQL: SHOW COLUMNS FROM `tb_customer` [ RunTime:0.0030s ]

[ 2017-04-25T16:35:04+08:00 ] ::1 /tp/index.php/Home/User/User/loadAllEmployJob
INFO: [ app_init ] --START--
INFO: Run Behavior\BuildLiteBehavior [ RunTime:0.001000s ]
INFO: [ app_init ] --END-- [ RunTime:0.005001s ]
INFO: [ app_begin ] --START--
INFO: Run Behavior\ReadHtmlCacheBehavior [ RunTime:0.003000s ]
INFO: [ app_begin ] --END-- [ RunTime:0.006000s ]
SQL: SHOW COLUMNS FROM `tb_employee` [ RunTime:0.0020s ]
SQL: SHOW COLUMNS FROM `tb_customer` [ RunTime:0.0040s ]

[ 2017-04-25T16:35:05+08:00 ] ::1 /tp/index.php/Home/User/User/customerList
INFO: [ app_init ] --START--
INFO: Run Behavior\BuildLiteBehavior [ RunTime:0.001000s ]
INFO: [ app_init ] --END-- [ RunTime:0.004001s ]
INFO: [ app_begin ] --START--
INFO: Run Behavior\ReadHtmlCacheBehavior [ RunTime:0.002000s ]
INFO: [ app_begin ] --END-- [ RunTime:0.006000s ]
SQL: SHOW COLUMNS FROM `tb_employee` [ RunTime:0.0020s ]
SQL: SHOW COLUMNS FROM `tb_customer` [ RunTime:0.0040s ]

[ 2017-04-25T16:35:07+08:00 ] ::1 /tp/index.php/Home/User/User/loadComplainList?pageNo=1&pageSize=10&comDealResult=%E5%A4%84%E7%90%86%E5%AE%8C%E6%88%90
INFO: [ app_init ] --START--
INFO: Run Behavior\BuildLiteBehavior [ RunTime:0.001000s ]
INFO: [ app_init ] --END-- [ RunTime:0.006000s ]
INFO: [ app_begin ] --START--
INFO: Run Behavior\ReadHtmlCacheBehavior [ RunTime:0.002000s ]
INFO: [ app_begin ] --END-- [ RunTime:0.007000s ]
SQL: SHOW COLUMNS FROM `tb_employee` [ RunTime:0.0020s ]
SQL: SHOW COLUMNS FROM `tb_customer` [ RunTime:0.0040s ]
SQL: SHOW COLUMNS FROM `tb_complain` [ RunTime:0.0040s ]
SQL: SELECT COUNT(*) AS tp_count FROM `tb_complain` LIMIT 1   [ RunTime:0.0010s ]
SQL: SHOW COLUMNS FROM `tb_complain` [ RunTime:0.0040s ]
INFO: [ app_end ] --START--
INFO: Run Behavior\ShowPageTraceBehavior [ RunTime:0.002000s ]
INFO: [ app_end ] --END-- [ RunTime:0.004001s ]

[ 2017-04-25T16:37:02+08:00 ] ::1 /tp/index.php/Home/User/User/customerList
INFO: [ app_init ] --START--
INFO: Run Behavior\BuildLiteBehavior [ RunTime:0.000000s ]
INFO: [ app_init ] --END-- [ RunTime:0.006000s ]
INFO: [ app_begin ] --START--
INFO: Run Behavior\ReadHtmlCacheBehavior [ RunTime:0.004000s ]
INFO: [ app_begin ] --END-- [ RunTime:0.008001s ]
SQL: SHOW COLUMNS FROM `tb_employee` [ RunTime:0.0030s ]
SQL: SHOW COLUMNS FROM `tb_customer` [ RunTime:0.0030s ]

[ 2017-04-25T16:37:03+08:00 ] ::1 /tp/index.php/Home/User/User/loadAllEmployJob
INFO: [ app_init ] --START--
INFO: Run Behavior\BuildLiteBehavior [ RunTime:0.001000s ]
INFO: [ app_init ] --END-- [ RunTime:0.007000s ]
INFO: [ app_begin ] --START--
INFO: Run Behavior\ReadHtmlCacheBehavior [ RunTime:0.002000s ]
INFO: [ app_begin ] --END-- [ RunTime:0.006000s ]
SQL: SHOW COLUMNS FROM `tb_employee` [ RunTime:0.0020s ]
SQL: SHOW COLUMNS FROM `tb_customer` [ RunTime:0.0050s ]

[ 2017-04-25T16:37:04+08:00 ] ::1 /tp/index.php/Home/User/User/loadComplainList?pageNo=1&pageSize=10&comDealResult=%E5%A4%84%E7%90%86%E5%AE%8C%E6%88%90
INFO: [ app_init ] --START--
INFO: Run Behavior\BuildLiteBehavior [ RunTime:0.001000s ]
INFO: [ app_init ] --END-- [ RunTime:0.007000s ]
INFO: [ app_begin ] --START--
INFO: Run Behavior\ReadHtmlCacheBehavior [ RunTime:0.002000s ]
INFO: [ app_begin ] --END-- [ RunTime:0.006001s ]
SQL: SHOW COLUMNS FROM `tb_employee` [ RunTime:0.0030s ]
SQL: SHOW COLUMNS FROM `tb_customer` [ RunTime:0.0060s ]
SQL: SHOW COLUMNS FROM `tb_complain` [ RunTime:0.0030s ]
SQL: SELECT COUNT(*) AS tp_count FROM tb_complain c1,tb_customer c2,tb_employee e1 WHERE ( c2.cId=c1.cId and e1.eId=c1.eId ) AND `comDealResult` = '处理完成' LIMIT 1   [ RunTime:0.0010s ]
SQL: SHOW COLUMNS FROM `tb_complain` [ RunTime:0.0040s ]
SQL: SELECT c1.comId,c1.comTheme,c1.comSort,c2.cName,c1.comDate,c1.comLevel,e1.eName,c1.comDealProcess,c1.comDealResult,c1.comCostTime,c1.comBack,c1.comSure,c1.comMore FROM tb_complain c1,tb_customer c2,tb_employee e1 WHERE ( c2.cId=c1.cId and e1.eId=c1.eId ) AND `comDealResult` = '处理完成' LIMIT 0,10   [ RunTime:0.0010s ]

[ 2017-04-25T16:37:17+08:00 ] ::1 /tp/index.php/Home/User/User/loadComplainList?pageNo=1&pageSize=10
INFO: [ app_init ] --START--
INFO: Run Behavior\BuildLiteBehavior [ RunTime:0.001000s ]
INFO: [ app_init ] --END-- [ RunTime:0.010001s ]
INFO: [ app_begin ] --START--
INFO: Run Behavior\ReadHtmlCacheBehavior [ RunTime:0.002000s ]
INFO: [ app_begin ] --END-- [ RunTime:0.004000s ]
SQL: SHOW COLUMNS FROM `tb_employee` [ RunTime:0.0030s ]
SQL: SHOW COLUMNS FROM `tb_customer` [ RunTime:0.0030s ]
SQL: SHOW COLUMNS FROM `tb_complain` [ RunTime:0.0040s ]
SQL: SELECT COUNT(*) AS tp_count FROM tb_complain c1,tb_customer c2,tb_employee e1 WHERE ( c2.cId=c1.cId and e1.eId=c1.eId ) LIMIT 1   [ RunTime:0.0010s ]
SQL: SHOW COLUMNS FROM `tb_complain` [ RunTime:0.0040s ]
SQL: SELECT c1.comId,c1.comTheme,c1.comSort,c2.cName,c1.comDate,c1.comLevel,e1.eName,c1.comDealProcess,c1.comDealResult,c1.comCostTime,c1.comBack,c1.comSure,c1.comMore FROM tb_complain c1,tb_customer c2,tb_employee e1 WHERE ( c2.cId=c1.cId and e1.eId=c1.eId ) LIMIT 0,10   [ RunTime:0.0010s ]

[ 2017-04-25T16:37:18+08:00 ] ::1 /tp/index.php/Home/User/User/loadAllEmployJob
INFO: [ app_init ] --START--
INFO: Run Behavior\BuildLiteBehavior [ RunTime:0.000000s ]
INFO: [ app_init ] --END-- [ RunTime:0.007000s ]
INFO: [ app_begin ] --START--
INFO: Run Behavior\ReadHtmlCacheBehavior [ RunTime:0.004000s ]
INFO: [ app_begin ] --END-- [ RunTime:0.008001s ]
SQL: SHOW COLUMNS FROM `tb_employee` [ RunTime:0.0030s ]
SQL: SHOW COLUMNS FROM `tb_customer` [ RunTime:0.0070s ]

[ 2017-04-25T16:37:19+08:00 ] ::1 /tp/index.php/Home/User/User/customerList
INFO: [ app_init ] --START--
INFO: Run Behavior\BuildLiteBehavior [ RunTime:0.001000s ]
INFO: [ app_init ] --END-- [ RunTime:0.007000s ]
INFO: [ app_begin ] --START--
INFO: Run Behavior\ReadHtmlCacheBehavior [ RunTime:0.004000s ]
INFO: [ app_begin ] --END-- [ RunTime:0.008001s ]
SQL: SHOW COLUMNS FROM `tb_employee` [ RunTime:0.0040s ]
SQL: SHOW COLUMNS FROM `tb_customer` [ RunTime:0.0080s ]

[ 2017-04-25T16:37:38+08:00 ] ::1 /tp/index.php/Home/User/User/loadAllEmployJob
INFO: [ app_init ] --START--
INFO: Run Behavior\BuildLiteBehavior [ RunTime:0.001000s ]
INFO: [ app_init ] --END-- [ RunTime:0.007001s ]
INFO: [ app_begin ] --START--
INFO: Run Behavior\ReadHtmlCacheBehavior [ RunTime:0.004000s ]
INFO: [ app_begin ] --END-- [ RunTime:0.009000s ]
SQL: SHOW COLUMNS FROM `tb_employee` [ RunTime:0.0040s ]
SQL: SHOW COLUMNS FROM `tb_customer` [ RunTime:0.0040s ]

[ 2017-04-25T16:37:39+08:00 ] ::1 /tp/index.php/Home/User/User/customerList
INFO: [ app_init ] --START--
INFO: Run Behavior\BuildLiteBehavior [ RunTime:0.001000s ]
INFO: [ app_init ] --END-- [ RunTime:0.007001s ]
INFO: [ app_begin ] --START--
INFO: Run Behavior\ReadHtmlCacheBehavior [ RunTime:0.004000s ]
INFO: [ app_begin ] --END-- [ RunTime:0.009000s ]
SQL: SHOW COLUMNS FROM `tb_employee` [ RunTime:0.0030s ]
SQL: SHOW COLUMNS FROM `tb_customer` [ RunTime:0.0030s ]

[ 2017-04-25T16:37:40+08:00 ] ::1 /tp/index.php/Home/User/User/loadComplainList?pageNo=1&pageSize=10&comDealResult=%E5%A4%84%E7%90%86%E5%AE%8C%E6%88%90
INFO: [ app_init ] --START--
INFO: Run Behavior\BuildLiteBehavior [ RunTime:0.001000s ]
INFO: [ app_init ] --END-- [ RunTime:0.010000s ]
INFO: [ app_begin ] --START--
INFO: Run Behavior\ReadHtmlCacheBehavior [ RunTime:0.003001s ]
INFO: [ app_begin ] --END-- [ RunTime:0.005001s ]
SQL: SHOW COLUMNS FROM `tb_employee` [ RunTime:0.0020s ]
SQL: SHOW COLUMNS FROM `tb_customer` [ RunTime:0.0030s ]
SQL: SHOW COLUMNS FROM `tb_complain` [ RunTime:0.0020s ]
SQL: SELECT COUNT(*) AS tp_count FROM tb_complain c1,tb_customer c2,tb_employee e1 WHERE ( c2.cId=c1.cId and e1.eId=c1.eId ) AND `comDealResult` = '处理完成' LIMIT 1   [ RunTime:0.0010s ]
SQL: SHOW COLUMNS FROM `tb_complain` [ RunTime:0.0030s ]
SQL: SELECT c1.comId,c1.comTheme,c1.comSort,c2.cName,c1.comDate,c1.comLevel,e1.eName,c1.comDealProcess,c1.comDealResult,c1.comCostTime,c1.comBack,c1.comSure,c1.comMore FROM tb_complain c1,tb_customer c2,tb_employee e1 WHERE ( c2.cId=c1.cId and e1.eId=c1.eId ) AND `comDealResult` = '处理完成' LIMIT 0,10   [ RunTime:0.0000s ]

[ 2017-04-25T16:37:53+08:00 ] ::1 /tp/index.php/Home/User/User/loadEmployeeList?pageNo=1&pageSize=10
INFO: [ app_init ] --START--
INFO: Run Behavior\BuildLiteBehavior [ RunTime:0.001000s ]
INFO: [ app_init ] --END-- [ RunTime:0.005001s ]
INFO: [ app_begin ] --START--
INFO: Run Behavior\ReadHtmlCacheBehavior [ RunTime:0.002000s ]
INFO: [ app_begin ] --END-- [ RunTime:0.004000s ]
SQL: SHOW COLUMNS FROM `tb_employee` [ RunTime:0.0040s ]
SQL: SHOW COLUMNS FROM `tb_customer` [ RunTime:0.0030s ]
SQL: SELECT COUNT(*) AS tp_count FROM `tb_employee` LIMIT 1   [ RunTime:0.0000s ]
SQL: SELECT * FROM `tb_employee` LIMIT 0,10   [ RunTime:0.0010s ]

[ 2017-04-25T16:37:56+08:00 ] ::1 /tp/index.php/Home/User/User/loadEmployeeList?pageNo=1&pageSize=10
INFO: [ app_init ] --START--
INFO: Run Behavior\BuildLiteBehavior [ RunTime:0.000000s ]
INFO: [ app_init ] --END-- [ RunTime:0.003000s ]
INFO: [ app_begin ] --START--
INFO: Run Behavior\ReadHtmlCacheBehavior [ RunTime:0.001001s ]
INFO: [ app_begin ] --END-- [ RunTime:0.003001s ]
SQL: SHOW COLUMNS FROM `tb_employee` [ RunTime:0.0030s ]
SQL: SHOW COLUMNS FROM `tb_customer` [ RunTime:0.0050s ]
SQL: SELECT COUNT(*) AS tp_count FROM `tb_employee` LIMIT 1   [ RunTime:0.0010s ]
SQL: SELECT * FROM `tb_employee` LIMIT 0,10   [ RunTime:0.0000s ]

[ 2017-04-25T16:39:14+08:00 ] ::1 /tp/index.php/Home/User/User/loadAllEmployJob
INFO: [ app_init ] --START--
INFO: Run Behavior\BuildLiteBehavior [ RunTime:0.001000s ]
INFO: [ app_init ] --END-- [ RunTime:0.006000s ]
INFO: [ app_begin ] --START--
INFO: Run Behavior\ReadHtmlCacheBehavior [ RunTime:0.003001s ]
INFO: [ app_begin ] --END-- [ RunTime:0.008001s ]
SQL: SHOW COLUMNS FROM `tb_employee` [ RunTime:0.0030s ]
SQL: SHOW COLUMNS FROM `tb_customer` [ RunTime:0.0030s ]

[ 2017-04-25T16:39:15+08:00 ] ::1 /tp/index.php/Home/User/User/loadComplainList?pageNo=1&pageSize=10
INFO: [ app_init ] --START--
INFO: Run Behavior\BuildLiteBehavior [ RunTime:0.000000s ]
INFO: [ app_init ] --END-- [ RunTime:0.007000s ]
INFO: [ app_begin ] --START--
INFO: Run Behavior\ReadHtmlCacheBehavior [ RunTime:0.003001s ]
INFO: [ app_begin ] --END-- [ RunTime:0.008001s ]
SQL: SHOW COLUMNS FROM `tb_employee` [ RunTime:0.0030s ]
SQL: SHOW COLUMNS FROM `tb_customer` [ RunTime:0.0040s ]
SQL: SHOW COLUMNS FROM `tb_complain` [ RunTime:0.0050s ]
SQL: SELECT COUNT(*) AS tp_count FROM tb_complain c1,tb_customer c2,tb_employee e1 WHERE ( c2.cId=c1.cId and e1.eId=c1.eId ) LIMIT 1   [ RunTime:0.0000s ]
SQL: SHOW COLUMNS FROM `tb_complain` [ RunTime:0.0060s ]
SQL: SELECT c1.comId,c1.comTheme,c1.comSort,c2.cName,c1.comDate,c1.comLevel,e1.eName,c1.comDealProcess,c1.comDealResult,c1.comCostTime,c1.comBack,c1.comSure,c1.comMore FROM tb_complain c1,tb_customer c2,tb_employee e1 WHERE ( c2.cId=c1.cId and e1.eId=c1.eId ) LIMIT 0,10   [ RunTime:0.0010s ]

[ 2017-04-25T16:39:17+08:00 ] ::1 /tp/index.php/Home/User/User/customerList
INFO: [ app_init ] --START--
INFO: Run Behavior\BuildLiteBehavior [ RunTime:0.001001s ]
INFO: [ app_init ] --END-- [ RunTime:0.006001s ]
INFO: [ app_begin ] --START--
INFO: Run Behavior\ReadHtmlCacheBehavior [ RunTime:0.004000s ]
INFO: [ app_begin ] --END-- [ RunTime:0.007000s ]
SQL: SHOW COLUMNS FROM `tb_employee` [ RunTime:0.0040s ]
SQL: SHOW COLUMNS FROM `tb_customer` [ RunTime:0.0050s ]

[ 2017-04-25T16:43:28+08:00 ] ::1 /tp/index.php/Home/User/testTree
INFO: [ app_init ] --START--
INFO: Run Behavior\BuildLiteBehavior [ RunTime:0.001000s ]
INFO: [ app_init ] --END-- [ RunTime:0.005000s ]
INFO: [ app_begin ] --START--
INFO: Run Behavior\ReadHtmlCacheBehavior [ RunTime:0.002001s ]
INFO: [ app_begin ] --END-- [ RunTime:0.006001s ]
ERR: 无法加载控制器:User/testTree

[ 2017-04-25T16:44:05+08:00 ] ::1 /tp/index.php/Home/User/testTree
INFO: [ app_init ] --START--
INFO: Run Behavior\BuildLiteBehavior [ RunTime:0.000000s ]
INFO: [ app_init ] --END-- [ RunTime:0.004001s ]
INFO: [ app_begin ] --START--
INFO: Run Behavior\ReadHtmlCacheBehavior [ RunTime:0.001000s ]
INFO: [ app_begin ] --END-- [ RunTime:0.003000s ]
ERR: 无法加载控制器:User/testTree

[ 2017-04-25T16:45:01+08:00 ] ::1 /tp/index.php/Home/User/testTree
INFO: [ app_init ] --START--
INFO: Run Behavior\BuildLiteBehavior [ RunTime:0.001001s ]
INFO: [ app_init ] --END-- [ RunTime:0.004001s ]
INFO: [ app_begin ] --START--
INFO: Run Behavior\ReadHtmlCacheBehavior [ RunTime:0.001000s ]
INFO: [ app_begin ] --END-- [ RunTime:0.004000s ]
ERR: 无法加载控制器:User/testTree

[ 2017-04-25T16:47:14+08:00 ] ::1 /tp/index.php/Home/User/testTree
INFO: [ app_init ] --START--
INFO: Run Behavior\BuildLiteBehavior [ RunTime:0.001000s ]
INFO: [ app_init ] --END-- [ RunTime:0.005000s ]
INFO: [ app_begin ] --START--
INFO: Run Behavior\ReadHtmlCacheBehavior [ RunTime:0.002000s ]
INFO: [ app_begin ] --END-- [ RunTime:0.004001s ]
ERR: 无法加载控制器:User/testTree

[ 2017-04-25T16:49:47+08:00 ] ::1 /tp/index.php/Home/User/testTree
INFO: [ app_init ] --START--
INFO: Run Behavior\BuildLiteBehavior [ RunTime:0.001000s ]
INFO: [ app_init ] --END-- [ RunTime:0.006001s ]
INFO: [ app_begin ] --START--
INFO: Run Behavior\ReadHtmlCacheBehavior [ RunTime:0.001000s ]
INFO: [ app_begin ] --END-- [ RunTime:0.004000s ]
ERR: 无法加载控制器:User/testTree

[ 2017-04-25T16:52:30+08:00 ] ::1 /tp/index.php/Home/User/User/testTree
INFO: [ app_init ] --START--
INFO: Run Behavior\BuildLiteBehavior [ RunTime:0.000000s ]
INFO: [ app_init ] --END-- [ RunTime:0.007000s ]
INFO: [ app_begin ] --START--
INFO: Run Behavior\ReadHtmlCacheBehavior [ RunTime:0.002000s ]
INFO: [ app_begin ] --END-- [ RunTime:0.005000s ]
SQL: SHOW COLUMNS FROM `tb_employee` [ RunTime:0.0030s ]
SQL: SHOW COLUMNS FROM `tb_customer` [ RunTime:0.0030s ]

[ 2017-04-25T16:52:46+08:00 ] ::1 /tp/index.php/Home/User/User/testTree
INFO: [ app_init ] --START--
INFO: Run Behavior\BuildLiteBehavior [ RunTime:0.000000s ]
INFO: [ app_init ] --END-- [ RunTime:0.003001s ]
INFO: [ app_begin ] --START--
INFO: Run Behavior\ReadHtmlCacheBehavior [ RunTime:0.002000s ]
INFO: [ app_begin ] --END-- [ RunTime:0.006000s ]
SQL: SHOW COLUMNS FROM `tb_employee` [ RunTime:0.0030s ]
SQL: SHOW COLUMNS FROM `tb_customer` [ RunTime:0.0030s ]

[ 2017-04-25T16:54:19+08:00 ] ::1 /tp/index.php/Home/User/User/testTree
INFO: [ app_init ] --START--
INFO: Run Behavior\BuildLiteBehavior [ RunTime:0.001001s ]
INFO: [ app_init ] --END-- [ RunTime:0.005001s ]
INFO: [ app_begin ] --START--
INFO: Run Behavior\ReadHtmlCacheBehavior [ RunTime:0.001000s ]
INFO: [ app_begin ] --END-- [ RunTime:0.003000s ]
SQL: SHOW COLUMNS FROM `tb_employee` [ RunTime:0.0060s ]
SQL: SHOW COLUMNS FROM `tb_customer` [ RunTime:0.0040s ]

[ 2017-04-25T17:00:34+08:00 ] ::1 /tp/index.php/Home/User/User/testTree
INFO: [ app_init ] --START--
INFO: Run Behavior\BuildLiteBehavior [ RunTime:0.001000s ]
INFO: [ app_init ] --END-- [ RunTime:0.005001s ]
INFO: [ app_begin ] --START--
INFO: Run Behavior\ReadHtmlCacheBehavior [ RunTime:0.002000s ]
INFO: [ app_begin ] --END-- [ RunTime:0.004000s ]
SQL: SHOW COLUMNS FROM `tb_employee` [ RunTime:0.0040s ]
SQL: SHOW COLUMNS FROM `tb_customer` [ RunTime:0.0040s ]
SQL: SHOW COLUMNS FROM `tb_customer` [ RunTime:0.0030s ]
SQL: SELECT c.* FROM tb_customer c,tb_customeremployee ce WHERE ( c.cId = ce.cId and ce.eId =1 )  [ RunTime:0.0020s ]
NOTIC: [8] Array to string conversion D:\PHP-webapp\tp\Application\Home\Controller\User\UserController.class.php 第 59 行.
INFO: [ app_end ] --START--
INFO: Run Behavior\ShowPageTraceBehavior [ RunTime:0.003000s ]
INFO: [ app_end ] --END-- [ RunTime:0.006001s ]

[ 2017-04-25T17:05:10+08:00 ] ::1 /tp/index.php/Home/User/User/testTree
INFO: [ app_init ] --START--
INFO: Run Behavior\BuildLiteBehavior [ RunTime:0.000000s ]
INFO: [ app_init ] --END-- [ RunTime:0.006001s ]
INFO: [ app_begin ] --START--
INFO: Run Behavior\ReadHtmlCacheBehavior [ RunTime:0.002000s ]
INFO: [ app_begin ] --END-- [ RunTime:0.004000s ]
SQL: SHOW COLUMNS FROM `tb_employee` [ RunTime:0.0040s ]
SQL: SHOW COLUMNS FROM `tb_customer` [ RunTime:0.0030s ]
SQL: SHOW COLUMNS FROM `tb_customer` [ RunTime:0.0040s ]
SQL: SELECT c.* FROM tb_customer c,tb_customeremployee ce WHERE ( c.cId = ce.cId and ce.eId =1 )  [ RunTime:0.0010s ]

[ 2017-04-25T17:08:35+08:00 ] ::1 /tp/index.php/Home/User/User/testTree
INFO: [ app_init ] --START--
INFO: Run Behavior\BuildLiteBehavior [ RunTime:0.001000s ]
INFO: [ app_init ] --END-- [ RunTime:0.004000s ]
INFO: [ app_begin ] --START--
INFO: Run Behavior\ReadHtmlCacheBehavior [ RunTime:0.002000s ]
INFO: [ app_begin ] --END-- [ RunTime:0.004000s ]
SQL: SHOW COLUMNS FROM `tb_employee` [ RunTime:0.0020s ]
SQL: SHOW COLUMNS FROM `tb_customer` [ RunTime:0.0030s ]
SQL: SHOW COLUMNS FROM `tb_customer` [ RunTime:0.0020s ]
SQL: SELECT c.* FROM tb_customer c,tb_customeremployee ce WHERE ( c.cId = ce.cId and ce.eId =1 )  [ RunTime:0.0010s ]

[ 2017-04-25T17:13:17+08:00 ] ::1 /tp/index.php/Home/User/User/testTree
INFO: [ app_init ] --START--
INFO: Run Behavior\BuildLiteBehavior [ RunTime:0.000000s ]
INFO: [ app_init ] --END-- [ RunTime:0.007000s ]
INFO: [ app_begin ] --START--
INFO: Run Behavior\ReadHtmlCacheBehavior [ RunTime:0.002000s ]
INFO: [ app_begin ] --END-- [ RunTime:0.006000s ]
SQL: SHOW COLUMNS FROM `tb_employee` [ RunTime:0.0020s ]
SQL: SHOW COLUMNS FROM `tb_customer` [ RunTime:0.0040s ]
SQL: SHOW COLUMNS FROM `tb_customer` [ RunTime:0.0030s ]
SQL: SELECT c.* FROM tb_customer c,tb_customeremployee ce WHERE ( c.cId = ce.cId and ce.eId =1 )  [ RunTime:0.0000s ]
INFO: [ app_end ] --START--
INFO: Run Behavior\ShowPageTraceBehavior [ RunTime:0.002000s ]
INFO: [ app_end ] --END-- [ RunTime:0.004000s ]

[ 2017-04-25T17:17:57+08:00 ] ::1 /tp/index.php/Home/User/User/testTree
INFO: [ app_init ] --START--
INFO: Run Behavior\BuildLiteBehavior [ RunTime:0.000000s ]
INFO: [ app_init ] --END-- [ RunTime:0.004001s ]
INFO: [ app_begin ] --START--
INFO: Run Behavior\ReadHtmlCacheBehavior [ RunTime:0.001000s ]
INFO: [ app_begin ] --END-- [ RunTime:0.005000s ]
SQL: SHOW COLUMNS FROM `tb_employee` [ RunTime:0.0030s ]
SQL: SHOW COLUMNS FROM `tb_customer` [ RunTime:0.0040s ]
SQL: SHOW COLUMNS FROM `tb_customer` [ RunTime:0.0030s ]
SQL: SELECT c.* FROM tb_customer c,tb_customeremployee ce WHERE ( c.cId = ce.cId and ce.eId =1 )  [ RunTime:0.0000s ]
INFO: [ app_end ] --START--
INFO: Run Behavior\ShowPageTraceBehavior [ RunTime:0.002000s ]
INFO: [ app_end ] --END-- [ RunTime:0.004000s ]

[ 2017-04-25T17:18:00+08:00 ] ::1 /tp/index.php/Home/User/User/customerInformation?cId=18
INFO: [ app_init ] --START--
INFO: Run Behavior\BuildLiteBehavior [ RunTime:0.001000s ]
INFO: [ app_init ] --END-- [ RunTime:0.004000s ]
INFO: [ app_begin ] --START--
INFO: Run Behavior\ReadHtmlCacheBehavior [ RunTime:0.001000s ]
INFO: [ app_begin ] --END-- [ RunTime:0.003000s ]
SQL: SHOW COLUMNS FROM `tb_employee` [ RunTime:0.0020s ]
SQL: SHOW COLUMNS FROM `tb_customer` [ RunTime:0.0060s ]

[ 2017-04-25T17:18:02+08:00 ] ::1 /tp/index.php/Home/User/User/loadRecord?eId=1&pageNo=1&pageSize=10
INFO: [ app_init ] --START--
INFO: Run Behavior\BuildLiteBehavior [ RunTime:0.000000s ]
INFO: [ app_init ] --END-- [ RunTime:0.007001s ]
INFO: [ app_begin ] --START--
INFO: Run Behavior\ReadHtmlCacheBehavior [ RunTime:0.002000s ]
INFO: [ app_begin ] --END-- [ RunTime:0.006000s ]
SQL: SHOW COLUMNS FROM `tb_employee` [ RunTime:0.0040s ]
SQL: SHOW COLUMNS FROM `tb_customer` [ RunTime:0.0030s ]

[ 2017-04-25T17:25:57+08:00 ] ::1 /tp/index.php/Home/User/User/testTree
INFO: [ app_init ] --START--
INFO: Run Behavior\BuildLiteBehavior [ RunTime:0.001000s ]
INFO: [ app_init ] --END-- [ RunTime:0.010001s ]
INFO: [ app_begin ] --START--
INFO: Run Behavior\ReadHtmlCacheBehavior [ RunTime:0.002000s ]
INFO: [ app_begin ] --END-- [ RunTime:0.004000s ]
SQL: SHOW COLUMNS FROM `tb_employee` [ RunTime:0.0090s ]
SQL: SHOW COLUMNS FROM `tb_customer` [ RunTime:0.0050s ]
SQL: SHOW COLUMNS FROM `tb_customer` [ RunTime:0.0040s ]
SQL: SELECT c.* FROM tb_customer c,tb_customeremployee ce WHERE ( c.cId = ce.cId and ce.eId =1 )  [ RunTime:0.0000s ]
INFO: [ app_end ] --START--
INFO: Run Behavior\ShowPageTraceBehavior [ RunTime:0.002000s ]
INFO: [ app_end ] --END-- [ RunTime:0.004000s ]

[ 2017-04-25T17:26:00+08:00 ] ::1 /tp/index.php/Home/User/User/customerInformation?cId=18
INFO: [ app_init ] --START--
INFO: Run Behavior\BuildLiteBehavior [ RunTime:0.001000s ]
INFO: [ app_init ] --END-- [ RunTime:0.003000s ]
INFO: [ app_begin ] --START--
INFO: Run Behavior\ReadHtmlCacheBehavior [ RunTime:0.001000s ]
INFO: [ app_begin ] --END-- [ RunTime:0.003001s ]
SQL: SHOW COLUMNS FROM `tb_employee` [ RunTime:0.0030s ]
SQL: SHOW COLUMNS FROM `tb_customer` [ RunTime:0.0030s ]
SQL: SELECT * FROM `tb_customer` WHERE `cId` = '18'  [ RunTime:0.0010s ]

[ 2017-04-25T17:26:01+08:00 ] ::1 /tp/index.php/Home/User/User/loadRecord?eId=1&pageNo=1&pageSize=10
INFO: [ app_init ] --START--
INFO: Run Behavior\BuildLiteBehavior [ RunTime:0.000000s ]
INFO: [ app_init ] --END-- [ RunTime:0.004000s ]
INFO: [ app_begin ] --START--
INFO: Run Behavior\ReadHtmlCacheBehavior [ RunTime:0.003000s ]
INFO: [ app_begin ] --END-- [ RunTime:0.007000s ]
SQL: SHOW COLUMNS FROM `tb_employee` [ RunTime:0.0040s ]
SQL: SHOW COLUMNS FROM `tb_customer` [ RunTime:0.0030s ]

[ 2017-04-25T17:27:28+08:00 ] ::1 /tp/index.php/Home/User/User/customerInformation?cId=18
INFO: [ app_init ] --START--
INFO: Run Behavior\BuildLiteBehavior [ RunTime:0.001000s ]
INFO: [ app_init ] --END-- [ RunTime:0.003001s ]
INFO: [ app_begin ] --START--
INFO: Run Behavior\ReadHtmlCacheBehavior [ RunTime:0.002000s ]
INFO: [ app_begin ] --END-- [ RunTime:0.003000s ]
SQL: SHOW COLUMNS FROM `tb_employee` [ RunTime:0.0030s ]
SQL: SHOW COLUMNS FROM `tb_customer` [ RunTime:0.0040s ]
SQL: SELECT * FROM `tb_customer` WHERE `cId` = '18'  [ RunTime:0.0010s ]

[ 2017-04-25T17:27:29+08:00 ] ::1 /tp/index.php/Home/User/User/loadRecord?eId=1&pageNo=1&pageSize=10
INFO: [ app_init ] --START--
INFO: Run Behavior\BuildLiteBehavior [ RunTime:0.000000s ]
INFO: [ app_init ] --END-- [ RunTime:0.007000s ]
INFO: [ app_begin ] --START--
INFO: Run Behavior\ReadHtmlCacheBehavior [ RunTime:0.002000s ]
INFO: [ app_begin ] --END-- [ RunTime:0.006000s ]
SQL: SHOW COLUMNS FROM `tb_employee` [ RunTime:0.0070s ]
SQL: SHOW COLUMNS FROM `tb_customer` [ RunTime:0.0030s ]

[ 2017-04-25T17:27:33+08:00 ] ::1 /tp/index.php/Home/User/User/testTree
INFO: [ app_init ] --START--
INFO: Run Behavior\BuildLiteBehavior [ RunTime:0.002000s ]
INFO: [ app_init ] --END-- [ RunTime:0.008000s ]
INFO: [ app_begin ] --START--
INFO: Run Behavior\ReadHtmlCacheBehavior [ RunTime:0.001000s ]
INFO: [ app_begin ] --END-- [ RunTime:0.004001s ]
SQL: SHOW COLUMNS FROM `tb_employee` [ RunTime:0.0020s ]
SQL: SHOW COLUMNS FROM `tb_customer` [ RunTime:0.0030s ]
SQL: SHOW COLUMNS FROM `tb_customer` [ RunTime:0.0040s ]
SQL: SELECT c.* FROM tb_customer c,tb_customeremployee ce WHERE ( c.cId = ce.cId and ce.eId =1 )  [ RunTime:0.0010s ]
INFO: [ app_end ] --START--
INFO: Run Behavior\ShowPageTraceBehavior [ RunTime:0.002000s ]
INFO: [ app_end ] --END-- [ RunTime:0.003000s ]

[ 2017-04-25T17:27:36+08:00 ] ::1 /tp/index.php/Home/User/User/loadRecord?eId=1&pageNo=1&pageSize=10
INFO: [ app_init ] --START--
INFO: Run Behavior\BuildLiteBehavior [ RunTime:0.001000s ]
INFO: [ app_init ] --END-- [ RunTime:0.006001s ]
INFO: [ app_begin ] --START--
INFO: Run Behavior\ReadHtmlCacheBehavior [ RunTime:0.002000s ]
INFO: [ app_begin ] --END-- [ RunTime:0.004000s ]
SQL: SHOW COLUMNS FROM `tb_employee` [ RunTime:0.0050s ]
SQL: SHOW COLUMNS FROM `tb_customer` [ RunTime:0.0030s ]

[ 2017-04-25T17:27:37+08:00 ] ::1 /tp/index.php/Home/User/User/customerInformation?cId=18
INFO: [ app_init ] --START--
INFO: Run Behavior\BuildLiteBehavior [ RunTime:0.001000s ]
INFO: [ app_init ] --END-- [ RunTime:0.006000s ]
INFO: [ app_begin ] --START--
INFO: Run Behavior\ReadHtmlCacheBehavior [ RunTime:0.002000s ]
INFO: [ app_begin ] --END-- [ RunTime:0.004000s ]
SQL: SHOW COLUMNS FROM `tb_employee` [ RunTime:0.0030s ]
SQL: SHOW COLUMNS FROM `tb_customer` [ RunTime:0.0070s ]
SQL: SELECT * FROM `tb_customer` WHERE `cId` = '18'  [ RunTime:0.0010s ]

[ 2017-04-25T17:28:20+08:00 ] ::1 /tp/index.php/Home/User/User/testTree
INFO: [ app_init ] --START--
INFO: Run Behavior\BuildLiteBehavior [ RunTime:0.001000s ]
INFO: [ app_init ] --END-- [ RunTime:0.003000s ]
INFO: [ app_begin ] --START--
INFO: Run Behavior\ReadHtmlCacheBehavior [ RunTime:0.002000s ]
INFO: [ app_begin ] --END-- [ RunTime:0.004000s ]
SQL: SHOW COLUMNS FROM `tb_employee` [ RunTime:0.0020s ]
SQL: SHOW COLUMNS FROM `tb_customer` [ RunTime:0.0030s ]
SQL: SHOW COLUMNS FROM `tb_customer` [ RunTime:0.0040s ]
SQL: SELECT c.* FROM tb_customer c,tb_customeremployee ce WHERE ( c.cId = ce.cId and ce.eId =1 )  [ RunTime:0.0020s ]
INFO: [ app_end ] --START--
INFO: Run Behavior\ShowPageTraceBehavior [ RunTime:0.002000s ]
INFO: [ app_end ] --END-- [ RunTime:0.003000s ]

[ 2017-04-25T17:28:23+08:00 ] ::1 /tp/index.php/Home/User/User/customerInformation?cId=18
INFO: [ app_init ] --START--
INFO: Run Behavior\BuildLiteBehavior [ RunTime:0.000000s ]
INFO: [ app_init ] --END-- [ RunTime:0.006000s ]
INFO: [ app_begin ] --START--
INFO: Run Behavior\ReadHtmlCacheBehavior [ RunTime:0.004000s ]
INFO: [ app_begin ] --END-- [ RunTime:0.007000s ]
SQL: SHOW COLUMNS FROM `tb_employee` [ RunTime:0.0020s ]
SQL: SHOW COLUMNS FROM `tb_customer` [ RunTime:0.0040s ]
SQL: SELECT * FROM `tb_customer` WHERE `cId` = '18'  [ RunTime:0.0010s ]

[ 2017-04-25T17:28:24+08:00 ] ::1 /tp/index.php/Home/User/User/loadRecord?eId=1&pageNo=1&pageSize=10
INFO: [ app_init ] --START--
INFO: Run Behavior\BuildLiteBehavior [ RunTime:0.001001s ]
INFO: [ app_init ] --END-- [ RunTime:0.004001s ]
INFO: [ app_begin ] --START--
INFO: Run Behavior\ReadHtmlCacheBehavior [ RunTime:0.006001s ]
INFO: [ app_begin ] --END-- [ RunTime:0.010001s ]
SQL: SHOW COLUMNS FROM `tb_employee` [ RunTime:0.0030s ]
SQL: SHOW COLUMNS FROM `tb_customer` [ RunTime:0.0030s ]

[ 2017-04-25T17:28:44+08:00 ] ::1 /tp/index.php/Home/User/User/customerInformation?cId=18
INFO: [ app_init ] --START--
INFO: Run Behavior\BuildLiteBehavior [ RunTime:0.000000s ]
INFO: [ app_init ] --END-- [ RunTime:0.004001s ]
INFO: [ app_begin ] --START--
INFO: Run Behavior\ReadHtmlCacheBehavior [ RunTime:0.003000s ]
INFO: [ app_begin ] --END-- [ RunTime:0.005001s ]
SQL: SHOW COLUMNS FROM `tb_employee` [ RunTime:0.0030s ]
SQL: SHOW COLUMNS FROM `tb_customer` [ RunTime:0.0020s ]
SQL: SELECT * FROM `tb_customer` WHERE `cId` = '18'  [ RunTime:0.0000s ]

[ 2017-04-25T17:28:45+08:00 ] ::1 /tp/index.php/Home/User/User/loadRecord?eId=1&pageNo=1&pageSize=10
INFO: [ app_init ] --START--
INFO: Run Behavior\BuildLiteBehavior [ RunTime:0.001000s ]
INFO: [ app_init ] --END-- [ RunTime:0.007001s ]
INFO: [ app_begin ] --START--
INFO: Run Behavior\ReadHtmlCacheBehavior [ RunTime:0.002000s ]
INFO: [ app_begin ] --END-- [ RunTime:0.004000s ]
SQL: SHOW COLUMNS FROM `tb_employee` [ RunTime:0.0040s ]
SQL: SHOW COLUMNS FROM `tb_customer` [ RunTime:0.0050s ]

[ 2017-04-25T17:31:13+08:00 ] ::1 /tp/index.php/Home/User/User/customerInformation?cId=18
INFO: [ app_init ] --START--
INFO: Run Behavior\BuildLiteBehavior [ RunTime:0.001000s ]
INFO: [ app_init ] --END-- [ RunTime:0.004001s ]
INFO: [ app_begin ] --START--
INFO: Run Behavior\ReadHtmlCacheBehavior [ RunTime:0.001000s ]
INFO: [ app_begin ] --END-- [ RunTime:0.003000s ]
SQL: SHOW COLUMNS FROM `tb_employee` [ RunTime:0.0020s ]
SQL: SHOW COLUMNS FROM `tb_customer` [ RunTime:0.0040s ]
SQL: SELECT * FROM `tb_customer` WHERE `cId` = '18'  [ RunTime:0.0010s ]

[ 2017-04-25T17:31:14+08:00 ] ::1 /tp/index.php/Home/User/User/loadRecord?eId=1&pageNo=1&pageSize=10
INFO: [ app_init ] --START--
INFO: Run Behavior\BuildLiteBehavior [ RunTime:0.001000s ]
INFO: [ app_init ] --END-- [ RunTime:0.003000s ]
INFO: [ app_begin ] --START--
INFO: Run Behavior\ReadHtmlCacheBehavior [ RunTime:0.003000s ]
INFO: [ app_begin ] --END-- [ RunTime:0.005000s ]
SQL: SHOW COLUMNS FROM `tb_employee` [ RunTime:0.0030s ]
SQL: SHOW COLUMNS FROM `tb_customer` [ RunTime:0.0020s ]

